/local/home/fdefokue/.venv/lib/python3.12/site-packages/torch/cuda/__init__.py:58: FutureWarning: The pynvml package is deprecated. Please install nvidia-ml-py instead. If you did not install pynvml directly, please report this to the maintainers of the package that installed pynvml for you.
  import pynvml  # type: ignore[import]
0:ppo frame:   3295  241/s eps   0, 3295=  -21 u 2 ploss -0.002 vloss 0.043 ent 1.764 kl 0.009 avg -999.0
0:ppo frame:   6599  248/s eps   1, 3304=  -21 u 4 ploss -0.003 vloss 0.048 ent 1.733 kl 0.009 avg -21.0
0:ppo frame:   9966  257/s eps   2, 3367=  -20 u 6 ploss -0.000 vloss 0.046 ent 1.758 kl 0.001 avg -21.0
0:ppo frame:  13246  260/s eps   3, 3280=  -21 u 8 ploss -0.005 vloss 0.052 ent 1.725 kl 0.001 avg -20.7
0:ppo frame:  16542  233/s eps   4, 3296=  -21 u 11 ploss 0.000 vloss 0.041 ent 1.778 kl -0.000 avg -20.8
0:ppo frame:  19673  255/s eps   5, 3131=  -21 u 13 ploss -0.004 vloss 0.046 ent 1.783 kl -0.000 avg -20.8
0:ppo frame:  22844  260/s eps   6, 3171=  -21 u 15 ploss -0.003 vloss 0.046 ent 1.769 kl 0.001 avg -20.8
0:ppo frame:  25972  254/s eps   7, 3128=  -21 u 17 ploss -0.000 vloss 0.046 ent 1.760 kl 0.001 avg -20.9
0:ppo frame:  29268  257/s eps   8, 3296=  -21 u 19 ploss -0.004 vloss 0.046 ent 1.678 kl 0.001 avg -20.9
0:ppo frame:  33591  257/s eps   9, 4323=  -20 u 22 ploss -0.006 vloss 0.041 ent 1.726 kl 0.009 avg -20.9
0:ppo frame:  37275  241/s eps  10, 3684=  -19 u 25 ploss -0.003 vloss 0.044 ent 1.662 kl 0.000 avg -20.8
0:ppo frame:  40765  264/s eps  11, 3490=  -20 u 27 ploss -0.002 vloss 0.052 ent 1.618 kl 0.005 avg -20.6
0:ppo frame:  43821  250/s eps  12, 3056=  -21 u 29 ploss -0.000 vloss 0.051 ent 1.589 kl 0.002 avg -20.6
0:ppo frame:  46949  253/s eps  13, 3128=  -21 u 31 ploss -0.003 vloss 0.043 ent 1.659 kl -0.001 avg -20.6
0:ppo frame:  50322  231/s eps  14, 3373=  -20 u 34 ploss -0.001 vloss 0.046 ent 1.568 kl 0.000 avg -20.6
0:ppo frame:  53692  261/s eps  15, 3370=  -20 u 36 ploss -0.000 vloss 0.046 ent 1.578 kl -0.001 avg -20.6
0:ppo frame:  57042  251/s eps  16, 3350=  -20 u 38 ploss -0.006 vloss 0.046 ent 1.601 kl 0.006 avg -20.6
0:ppo frame:  60338  250/s eps  17, 3296=  -21 u 40 ploss 0.001 vloss 0.050 ent 1.643 kl 0.000 avg -20.5
0:ppo frame:  63634  222/s eps  18, 3296=  -21 u 43 ploss -0.001 vloss 0.046 ent 1.621 kl 0.001 avg -20.6
0:ppo frame:  67170  262/s eps  19, 3536=  -21 u 45 ploss -0.005 vloss 0.046 ent 1.696 kl 0.003 avg -20.6
0:ppo frame:  70466  257/s eps  20, 3296=  -21 u 47 ploss -0.011 vloss 0.053 ent 1.657 kl 0.003 avg -20.6
0:ppo frame:  73640  252/s eps  21, 3174=  -21 u 49 ploss -0.002 vloss 0.047 ent 1.688 kl 0.000 avg -20.6
0:ppo frame:  76991  229/s eps  22, 3351=  -20 u 52 ploss -0.002 vloss 0.046 ent 1.690 kl -0.001 avg -20.6
0:ppo frame:  80047  249/s eps  23, 3056=  -21 u 54 ploss -0.002 vloss 0.046 ent 1.664 kl 0.002 avg -20.6
0:ppo frame:  84008  247/s eps  24, 3961=  -20 u 57 ploss -0.000 vloss 0.041 ent 1.701 kl 0.000 avg -20.6
0:ppo frame:  87415  260/s eps  25, 3407=  -21 u 59 ploss -0.003 vloss 0.041 ent 1.730 kl 0.000 avg -20.6
0:ppo frame:  91140  242/s eps  26, 3725=  -21 u 62 ploss 0.000 vloss 0.046 ent 1.757 kl 0.001 avg -20.6
0:ppo frame:  95129  270/s eps  27, 3989=  -19 u 64 ploss -0.006 vloss 0.047 ent 1.704 kl 0.002 avg -20.6
0:ppo frame:  98742  238/s eps  28, 3613=  -20 u 67 ploss -0.003 vloss 0.047 ent 1.618 kl 0.005 avg -20.6
0:ppo frame: 102090  261/s eps  29, 3348=  -20 u 69 ploss -0.001 vloss 0.046 ent 1.600 kl 0.001 avg -20.6
0:ppo frame: 105394  262/s eps  30, 3304=  -21 u 71 ploss -0.000 vloss 0.041 ent 1.635 kl 0.001 avg -20.5
0:ppo frame: 108764  232/s eps  31, 3370=  -20 u 74 ploss 0.001 vloss 0.046 ent 1.562 kl 0.000 avg -20.5
0:ppo frame: 112064  262/s eps  32, 3300=  -21 u 76 ploss -0.001 vloss 0.046 ent 1.687 kl 0.001 avg -20.5
0:ppo frame: 115858  237/s eps  33, 3794=  -19 u 79 ploss -0.003 vloss 0.046 ent 1.561 kl 0.005 avg -20.5
0:ppo frame: 119878  238/s eps  34, 4020=  -21 u 82 ploss -0.000 vloss 0.046 ent 1.578 kl 0.001 avg -20.4
0:ppo frame: 123178  249/s eps  35, 3300=  -21 u 84 ploss -0.002 vloss 0.046 ent 1.461 kl 0.000 avg -20.4
0:ppo frame: 126474  244/s eps  36, 3296=  -21 u 86 ploss -0.001 vloss 0.050 ent 1.618 kl 0.003 avg -20.4
0:ppo frame: 129646  251/s eps  37, 3172=  -21 u 88 ploss -0.004 vloss 0.047 ent 1.727 kl 0.005 avg -20.4
0:ppo frame: 133261  238/s eps  38, 3615=  -20 u 91 ploss -0.005 vloss 0.046 ent 1.670 kl 0.001 avg -20.4
0:ppo frame: 136429  254/s eps  39, 3168=  -21 u 93 ploss -0.002 vloss 0.047 ent 1.722 kl -0.000 avg -20.4
0:ppo frame: 139796  260/s eps  40, 3367=  -20 u 95 ploss -0.004 vloss 0.052 ent 1.732 kl 0.002 avg -20.5
0:ppo frame: 143204  261/s eps  41, 3408=  -21 u 97 ploss -0.005 vloss 0.036 ent 1.725 kl 0.001 avg -20.5
0:ppo frame: 146571  233/s eps  42, 3367=  -20 u 100 ploss -0.000 vloss 0.052 ent 1.730 kl 0.001 avg -20.5
0:ppo frame: 149858  258/s eps  43, 3287=  -21 u 102 ploss -0.002 vloss 0.050 ent 1.739 kl 0.002 avg -20.5
0:ppo frame: 152914  249/s eps  44, 3056=  -21 u 104 ploss -0.002 vloss 0.046 ent 1.746 kl -0.000 avg -20.5
0:ppo frame: 156395  266/s eps  45, 3481=  -20 u 106 ploss 0.000 vloss 0.041 ent 1.757 kl -0.000 avg -20.6
0:ppo frame: 160019  231/s eps  46, 3624=  -21 u 109 ploss -0.000 vloss 0.052 ent 1.760 kl -0.000 avg -20.6
0:ppo frame: 163075  248/s eps  47, 3056=  -21 u 111 ploss -0.003 vloss 0.051 ent 1.741 kl 0.001 avg -20.6
0:ppo frame: 166131  246/s eps  48, 3056=  -21 u 113 ploss -0.004 vloss 0.050 ent 1.687 kl 0.005 avg -20.6
0:ppo frame: 169187  252/s eps  49, 3056=  -21 u 115 ploss -0.001 vloss 0.046 ent 1.732 kl 0.000 avg -20.6
0:ppo frame: 172243  254/s eps  50, 3056=  -21 u 117 ploss -0.001 vloss 0.046 ent 1.716 kl 0.001 avg -20.6
0:ppo frame: 175299  252/s eps  51, 3056=  -21 u 119 ploss -0.000 vloss 0.046 ent 1.738 kl 0.001 avg -20.6
0:ppo frame: 178355  357/s eps  52, 3056=  -21 u 121 ploss -0.001 vloss 0.046 ent 1.660 kl 0.002 avg -20.6
0:ppo frame: 181411  469/s eps  53, 3056=  -21 u 123 ploss -0.000 vloss 0.046 ent 1.617 kl 0.001 avg -20.6
0:ppo frame: 184467  468/s eps  54, 3056=  -21 u 125 ploss -0.004 vloss 0.046 ent 1.663 kl 0.004 avg -20.6
0:ppo frame: 187523  473/s eps  55, 3056=  -21 u 127 ploss -0.002 vloss 0.052 ent 1.681 kl 0.004 avg -20.6
0:ppo frame: 190579  468/s eps  56, 3056=  -21 u 129 ploss -0.000 vloss 0.051 ent 1.652 kl 0.001 avg -20.6
0:ppo frame: 193635  476/s eps  57, 3056=  -21 u 131 ploss -0.002 vloss 0.049 ent 1.637 kl -0.000 avg -20.6
0:ppo frame: 196691  478/s eps  58, 3056=  -21 u 133 ploss -0.003 vloss 0.046 ent 1.670 kl -0.001 avg -20.7
0:ppo frame: 199747  475/s eps  59, 3056=  -21 u 135 ploss -0.000 vloss 0.046 ent 1.719 kl 0.001 avg -20.7
0:ppo frame: 202803  475/s eps  60, 3056=  -21 u 137 ploss -0.001 vloss 0.046 ent 1.656 kl 0.000 avg -20.7
0:ppo frame: 205859  475/s eps  61, 3056=  -21 u 139 ploss -0.005 vloss 0.046 ent 1.622 kl -0.001 avg -20.8
0:ppo frame: 208915  476/s eps  62, 3056=  -21 u 141 ploss 0.000 vloss 0.046 ent 1.613 kl -0.000 avg -20.8
0:ppo frame: 211971  476/s eps  63, 3056=  -21 u 143 ploss -0.001 vloss 0.046 ent 1.634 kl 0.001 avg -20.8
0:ppo frame: 215027  524/s eps  64, 3056=  -21 u 144 ploss -0.001 vloss 0.044 ent 1.665 kl 0.004 avg -20.8
0:ppo frame: 218083  474/s eps  65, 3056=  -21 u 146 ploss -0.001 vloss 0.046 ent 1.713 kl 0.002 avg -20.9
0:ppo frame: 221139  474/s eps  66, 3056=  -21 u 148 ploss -0.001 vloss 0.052 ent 1.757 kl -0.000 avg -20.9
0:ppo frame: 224195  474/s eps  67, 3056=  -21 u 150 ploss 0.000 vloss 0.051 ent 1.734 kl 0.001 avg -20.9
0:ppo frame: 227251  475/s eps  68, 3056=  -21 u 152 ploss -0.002 vloss 0.051 ent 1.761 kl 0.002 avg -20.9
0:ppo frame: 230419  442/s eps  69, 3168=  -21 u 155 ploss -0.002 vloss 0.046 ent 1.733 kl 0.000 avg -20.9
0:ppo frame: 233904  487/s eps  70, 3485=  -21 u 157 ploss -0.001 vloss 0.041 ent 1.740 kl 0.002 avg -20.9
0:ppo frame: 236960  477/s eps  71, 3056=  -21 u 159 ploss -0.003 vloss 0.052 ent 1.713 kl 0.001 avg -20.9
0:ppo frame: 240016  475/s eps  72, 3056=  -21 u 161 ploss -0.002 vloss 0.051 ent 1.729 kl -0.001 avg -20.9
0:ppo frame: 243072  474/s eps  73, 3056=  -21 u 163 ploss -0.001 vloss 0.050 ent 1.738 kl 0.000 avg -20.9
0:ppo frame: 246128  491/s eps  74, 3056=  -21 u 165 ploss -0.008 vloss 0.046 ent 1.740 kl 0.002 avg -20.9
0:ppo frame: 249184  463/s eps  75, 3056=  -21 u 167 ploss -0.001 vloss 0.046 ent 1.725 kl 0.003 avg -21.0
0:ppo frame: 252240  480/s eps  76, 3056=  -21 u 169 ploss -0.001 vloss 0.046 ent 1.732 kl 0.000 avg -21.0
0:ppo frame: 255536  482/s eps  77, 3296=  -21 u 171 ploss -0.001 vloss 0.041 ent 1.762 kl -0.000 avg -21.0
0:ppo frame: 258832  482/s eps  78, 3296=  -21 u 173 ploss -0.000 vloss 0.041 ent 1.761 kl 0.000 avg -21.0
0:ppo frame: 261888  469/s eps  79, 3056=  -21 u 175 ploss -0.000 vloss 0.046 ent 1.727 kl 0.001 avg -21.0
0:ppo frame: 264944  469/s eps  80, 3056=  -21 u 177 ploss -0.004 vloss 0.046 ent 1.683 kl 0.003 avg -21.0
0:ppo frame: 268595  452/s eps  81, 3651=  -21 u 180 ploss -0.002 vloss 0.041 ent 1.714 kl 0.004 avg -21.0
0:ppo frame: 271651  468/s eps  82, 3056=  -21 u 182 ploss -0.001 vloss 0.046 ent 1.713 kl 0.002 avg -21.0
0:ppo frame: 274707  471/s eps  83, 3056=  -21 u 184 ploss -0.004 vloss 0.052 ent 1.714 kl 0.006 avg -21.0
0:ppo frame: 277763  467/s eps  84, 3056=  -21 u 186 ploss -0.002 vloss 0.051 ent 1.669 kl -0.002 avg -21.0
0:ppo frame: 280819  467/s eps  85, 3056=  -21 u 188 ploss -0.002 vloss 0.050 ent 1.706 kl -0.001 avg -21.0
0:ppo frame: 283875  470/s eps  86, 3056=  -21 u 190 ploss -0.004 vloss 0.046 ent 1.718 kl 0.004 avg -21.0
0:ppo frame: 286931  467/s eps  87, 3056=  -21 u 192 ploss -0.001 vloss 0.046 ent 1.715 kl 0.000 avg -21.0
0:ppo frame: 290415  485/s eps  88, 3484=  -20 u 194 ploss -0.000 vloss 0.046 ent 1.722 kl -0.000 avg -21.0
0:ppo frame: 293471  470/s eps  89, 3056=  -21 u 196 ploss -0.004 vloss 0.046 ent 1.664 kl 0.001 avg -21.0
0:ppo frame: 296527  468/s eps  90, 3056=  -21 u 198 ploss -0.005 vloss 0.046 ent 1.669 kl 0.003 avg -21.0
0:ppo frame: 299583  468/s eps  91, 3056=  -21 u 200 ploss -0.001 vloss 0.046 ent 1.606 kl 0.001 avg -21.0
0:ppo frame: 302639  470/s eps  92, 3056=  -21 u 202 ploss -0.000 vloss 0.052 ent 1.658 kl 0.001 avg -21.0
0:ppo frame: 305695  468/s eps  93, 3056=  -21 u 204 ploss -0.001 vloss 0.052 ent 1.704 kl 0.000 avg -21.0
0:ppo frame: 308751  468/s eps  94, 3056=  -21 u 206 ploss -0.001 vloss 0.051 ent 1.730 kl -0.000 avg -21.0
0:ppo frame: 311807  469/s eps  95, 3056=  -21 u 208 ploss -0.002 vloss 0.046 ent 1.761 kl -0.001 avg -21.0
0:ppo frame: 314863  473/s eps  96, 3056=  -21 u 210 ploss -0.001 vloss 0.046 ent 1.743 kl 0.001 avg -21.0
0:ppo frame: 317919  462/s eps  97, 3056=  -21 u 212 ploss -0.000 vloss 0.046 ent 1.753 kl 0.000 avg -21.0
0:ppo frame: 320975  433/s eps  98, 3056=  -21 u 214 ploss 0.000 vloss 0.046 ent 1.756 kl 0.000 avg -21.0
0:ppo frame: 324031  434/s eps  99, 3056=  -21 u 216 ploss -0.003 vloss 0.046 ent 1.744 kl 0.000 avg -21.0
0:ppo frame: 327087  433/s eps 100, 3056=  -21 u 218 ploss -0.000 vloss 0.046 ent 1.763 kl -0.000 avg -21.0
0:ppo frame: 330143  437/s eps 101, 3056=  -21 u 220 ploss -0.001 vloss 0.052 ent 1.756 kl 0.000 avg -21.0
0:ppo frame: 334138  433/s eps 102, 3995=  -19 u 223 ploss -0.001 vloss 0.047 ent 1.782 kl 0.001 avg -21.0
0:ppo frame: 337194  435/s eps 103, 3056=  -21 u 225 ploss -0.003 vloss 0.046 ent 1.779 kl -0.001 avg -20.9
0:ppo frame: 340250  435/s eps 104, 3056=  -21 u 227 ploss 0.000 vloss 0.046 ent 1.783 kl -0.000 avg -20.9
0:ppo frame: 343306  439/s eps 105, 3056=  -21 u 229 ploss -0.001 vloss 0.051 ent 1.780 kl -0.000 avg -20.9
0:ppo frame: 346362  474/s eps 106, 3056=  -21 u 231 ploss -0.001 vloss 0.051 ent 1.779 kl -0.000 avg -20.9
0:ppo frame: 349888  493/s eps 107, 3526=  -21 u 233 ploss -0.003 vloss 0.036 ent 1.784 kl 0.001 avg -20.9
0:ppo frame: 353498  460/s eps 108, 3610=  -20 u 236 ploss -0.000 vloss 0.041 ent 1.785 kl 0.000 avg -20.9
0:ppo frame: 356794  487/s eps 109, 3296=  -21 u 238 ploss -0.001 vloss 0.041 ent 1.782 kl -0.000 avg -20.9
0:ppo frame: 359850  474/s eps 110, 3056=  -21 u 240 ploss -0.000 vloss 0.046 ent 1.782 kl 0.000 avg -20.9
0:ppo frame: 362906  467/s eps 111, 3056=  -21 u 242 ploss -0.000 vloss 0.052 ent 1.780 kl -0.000 avg -20.9
0:ppo frame: 365962  468/s eps 112, 3056=  -21 u 244 ploss -0.000 vloss 0.051 ent 1.777 kl -0.000 avg -20.9
0:ppo frame: 369018  469/s eps 113, 3056=  -21 u 246 ploss -0.001 vloss 0.048 ent 1.736 kl 0.001 avg -20.9
0:ppo frame: 372074  469/s eps 114, 3056=  -21 u 248 ploss -0.001 vloss 0.046 ent 1.721 kl -0.001 avg -20.9
0:ppo frame: 375130  464/s eps 115, 3056=  -21 u 250 ploss -0.002 vloss 0.046 ent 1.706 kl 0.001 avg -20.9
0:ppo frame: 378186  469/s eps 116, 3056=  -21 u 252 ploss -0.001 vloss 0.046 ent 1.681 kl 0.001 avg -20.9
0:ppo frame: 381242  471/s eps 117, 3056=  -21 u 254 ploss -0.001 vloss 0.046 ent 1.754 kl 0.001 avg -20.9
0:ppo frame: 384298  468/s eps 118, 3056=  -21 u 256 ploss -0.001 vloss 0.046 ent 1.764 kl 0.001 avg -20.9
0:ppo frame: 387354  447/s eps 119, 3056=  -21 u 258 ploss -0.000 vloss 0.046 ent 1.754 kl -0.000 avg -20.9
0:ppo frame: 390410  471/s eps 120, 3056=  -21 u 260 ploss -0.001 vloss 0.052 ent 1.767 kl 0.000 avg -20.9
0:ppo frame: 393706  485/s eps 121, 3296=  -21 u 262 ploss -0.002 vloss 0.041 ent 1.785 kl 0.002 avg -20.9
0:ppo frame: 397315  462/s eps 122, 3609=  -20 u 265 ploss -0.004 vloss 0.036 ent 1.769 kl 0.003 avg -20.9
0:ppo frame: 400611  482/s eps 123, 3296=  -21 u 267 ploss -0.002 vloss 0.046 ent 1.779 kl 0.002 avg -20.9
0:ppo frame: 404336  503/s eps 124, 3725=  -20 u 269 ploss -0.002 vloss 0.046 ent 1.775 kl 0.001 avg -20.9
0:ppo frame: 407878  453/s eps 125, 3542=  -21 u 272 ploss -0.001 vloss 0.046 ent 1.781 kl 0.000 avg -20.8
0:ppo frame: 411245  487/s eps 126, 3367=  -20 u 274 ploss -0.000 vloss 0.046 ent 1.786 kl 0.000 avg -20.8
0:ppo frame: 415152  472/s eps 127, 3907=  -20 u 277 ploss -0.002 vloss 0.046 ent 1.781 kl -0.000 avg -20.8
0:ppo frame: 418800  502/s eps 128, 3648=  -21 u 279 ploss -0.001 vloss 0.046 ent 1.778 kl 0.001 avg -20.8
0:ppo frame: 422792  472/s eps 129, 3992=  -21 u 282 ploss -0.001 vloss 0.046 ent 1.762 kl 0.000 avg -20.8
0:ppo frame: 425848  473/s eps 130, 3056=  -21 u 284 ploss -0.001 vloss 0.046 ent 1.766 kl 0.000 avg -20.8
0:ppo frame: 429459  459/s eps 131, 3611=  -20 u 287 ploss -0.002 vloss 0.052 ent 1.779 kl -0.000 avg -20.8
0:ppo frame: 433188  469/s eps 132, 3729=  -20 u 290 ploss -0.001 vloss 0.046 ent 1.782 kl 0.001 avg -20.7
0:ppo frame: 436561  484/s eps 133, 3373=  -20 u 292 ploss -0.001 vloss 0.046 ent 1.779 kl -0.000 avg -20.8
0:ppo frame: 439857  485/s eps 134, 3296=  -21 u 294 ploss 0.000 vloss 0.046 ent 1.788 kl 0.000 avg -20.7
0:ppo frame: 443025  479/s eps 135, 3168=  -21 u 296 ploss -0.001 vloss 0.047 ent 1.788 kl -0.001 avg -20.7
0:ppo frame: 446638  449/s eps 136, 3613=  -20 u 299 ploss -0.002 vloss 0.041 ent 1.788 kl -0.001 avg -20.7
0:ppo frame: 450008  496/s eps 137, 3370=  -20 u 301 ploss 0.000 vloss 0.046 ent 1.786 kl 0.000 avg -20.7
0:ppo frame: 453176  480/s eps 138, 3168=  -21 u 303 ploss -0.001 vloss 0.046 ent 1.781 kl 0.002 avg -20.7
0:ppo frame: 456472  487/s eps 139, 3296=  -21 u 305 ploss -0.001 vloss 0.046 ent 1.783 kl -0.000 avg -20.7
0:ppo frame: 460690  479/s eps 140, 4218=  -20 u 308 ploss -0.001 vloss 0.047 ent 1.783 kl 0.000 avg -20.7
0:ppo frame: 464555  467/s eps 141, 3865=  -19 u 311 ploss 0.000 vloss 0.052 ent 1.785 kl 0.000 avg -20.7
0:ppo frame: 467963  490/s eps 142, 3408=  -21 u 313 ploss -0.000 vloss 0.041 ent 1.780 kl -0.000 avg -20.6
0:ppo frame: 471330  442/s eps 143, 3367=  -20 u 316 ploss -0.000 vloss 0.046 ent 1.777 kl 0.001 avg -20.6
0:ppo frame: 474809  495/s eps 144, 3479=  -20 u 318 ploss -0.000 vloss 0.052 ent 1.773 kl 0.000 avg -20.6
0:ppo frame: 477937  474/s eps 145, 3128=  -21 u 320 ploss -0.002 vloss 0.046 ent 1.759 kl -0.000 avg -20.5
0:ppo frame: 481422  467/s eps 146, 3485=  -20 u 323 ploss -0.000 vloss 0.046 ent 1.757 kl 0.001 avg -20.5
0:ppo frame: 484789  483/s eps 147, 3367=  -20 u 325 ploss -0.001 vloss 0.046 ent 1.763 kl 0.000 avg -20.5
0:ppo frame: 488156  488/s eps 148, 3367=  -20 u 327 ploss -0.000 vloss 0.046 ent 1.772 kl -0.000 avg -20.4
0:ppo frame: 491572  450/s eps 149, 3416=  -21 u 330 ploss -0.001 vloss 0.046 ent 1.778 kl 0.000 avg -20.4
0:ppo frame: 495194  495/s eps 150, 3622=  -20 u 332 ploss 0.000 vloss 0.046 ent 1.783 kl 0.000 avg -20.4
0:ppo frame: 498561  492/s eps 151, 3367=  -20 u 334 ploss -0.002 vloss 0.046 ent 1.780 kl -0.001 avg -20.4
0:ppo frame: 502648  473/s eps 152, 4087=  -20 u 337 ploss -0.000 vloss 0.047 ent 1.777 kl -0.000 avg -20.4
0:ppo frame: 505780  478/s eps 153, 3132=  -21 u 339 ploss -0.000 vloss 0.051 ent 1.770 kl 0.000 avg -20.3
0:ppo frame: 509316  462/s eps 154, 3536=  -21 u 342 ploss -0.000 vloss 0.051 ent 1.782 kl -0.000 avg -20.4
0:ppo frame: 512686  489/s eps 155, 3370=  -20 u 344 ploss 0.000 vloss 0.052 ent 1.784 kl 0.000 avg -20.4
0:ppo frame: 515982  486/s eps 156, 3296=  -21 u 346 ploss -0.000 vloss 0.046 ent 1.778 kl 0.000 avg -20.4
0:ppo frame: 519267  445/s eps 157, 3285=  -21 u 349 ploss -0.001 vloss 0.048 ent 1.777 kl -0.001 avg -20.4
0:ppo frame: 522567  480/s eps 158, 3300=  -21 u 351 ploss -0.001 vloss 0.046 ent 1.782 kl 0.000 avg -20.4
0:ppo frame: 526178  494/s eps 159, 3611=  -20 u 353 ploss -0.000 vloss 0.046 ent 1.784 kl -0.000 avg -20.4
0:ppo frame: 529548  444/s eps 160, 3370=  -20 u 356 ploss -0.001 vloss 0.046 ent 1.778 kl 0.000 avg -20.4
0:ppo frame: 533031  490/s eps 161, 3483=  -20 u 358 ploss -0.000 vloss 0.052 ent 1.778 kl 0.000 avg -20.4
0:ppo frame: 536439  491/s eps 162, 3408=  -21 u 360 ploss -0.000 vloss 0.046 ent 1.779 kl 0.000 avg -20.4
0:ppo frame: 541291  464/s eps 163, 4852=  -21 u 364 ploss -0.000 vloss 0.047 ent 1.784 kl 0.000 avg -20.4
0:ppo frame: 544664  489/s eps 164, 3373=  -21 u 366 ploss -0.000 vloss 0.051 ent 1.780 kl -0.000 avg -20.4
0:ppo frame: 548031  446/s eps 165, 3367=  -20 u 369 ploss -0.000 vloss 0.046 ent 1.779 kl 0.000 avg -20.4
0:ppo frame: 551711  498/s eps 166, 3680=  -19 u 371 ploss -0.001 vloss 0.047 ent 1.780 kl -0.000 avg -20.4
0:ppo frame: 554842  478/s eps 167, 3131=  -21 u 373 ploss -0.000 vloss 0.046 ent 1.779 kl 0.000 avg -20.4
0:ppo frame: 558010  483/s eps 168, 3168=  -21 u 375 ploss -0.000 vloss 0.046 ent 1.776 kl 0.000 avg -20.4
0:ppo frame: 562098  474/s eps 169, 4088=  -20 u 378 ploss -0.000 vloss 0.046 ent 1.787 kl -0.000 avg -20.4
0:ppo frame: 565634  450/s eps 170, 3536=  -21 u 381 ploss -0.001 vloss 0.041 ent 1.785 kl -0.000 avg -20.4
0:ppo frame: 569273  501/s eps 171, 3639=  -21 u 383 ploss -0.001 vloss 0.036 ent 1.778 kl -0.000 avg -20.4
0:ppo frame: 572577  442/s eps 172, 3304=  -21 u 386 ploss -0.001 vloss 0.036 ent 1.774 kl 0.001 avg -20.5
0:ppo frame: 575633  475/s eps 173, 3056=  -21 u 388 ploss -0.001 vloss 0.046 ent 1.766 kl 0.001 avg -20.5
0:ppo frame: 578689  474/s eps 174, 3056=  -21 u 390 ploss -0.000 vloss 0.052 ent 1.739 kl 0.000 avg -20.5
0:ppo frame: 581745  473/s eps 175, 3056=  -21 u 392 ploss -0.002 vloss 0.051 ent 1.764 kl -0.001 avg -20.5
0:ppo frame: 585281  489/s eps 176, 3536=  -21 u 394 ploss -0.007 vloss 0.046 ent 1.716 kl -0.001 avg -20.6
0:ppo frame: 588577  492/s eps 177, 3296=  -21 u 396 ploss -0.002 vloss 0.046 ent 1.731 kl 0.001 avg -20.6
0:ppo frame: 591633  475/s eps 178, 3056=  -21 u 398 ploss -0.001 vloss 0.046 ent 1.726 kl 0.001 avg -20.6
0:ppo frame: 594689  474/s eps 179, 3056=  -21 u 400 ploss -0.000 vloss 0.046 ent 1.688 kl -0.000 avg -20.6
0:ppo frame: 597745  473/s eps 180, 3056=  -21 u 402 ploss -0.002 vloss 0.046 ent 1.699 kl 0.001 avg -20.7
0:ppo frame: 600801  476/s eps 181, 3056=  -21 u 404 ploss 0.000 vloss 0.046 ent 1.729 kl -0.000 avg -20.7
0:ppo frame: 603857  473/s eps 182, 3056=  -21 u 406 ploss -0.002 vloss 0.046 ent 1.724 kl -0.001 avg -20.7
0:ppo frame: 606913  475/s eps 183, 3056=  -21 u 408 ploss -0.001 vloss 0.046 ent 1.717 kl 0.001 avg -20.7
0:ppo frame: 609969  472/s eps 184, 3056=  -21 u 410 ploss -0.001 vloss 0.052 ent 1.727 kl 0.000 avg -20.7
0:ppo frame: 613025  479/s eps 185, 3056=  -21 u 412 ploss -0.003 vloss 0.051 ent 1.742 kl 0.001 avg -20.7
0:ppo frame: 616081  474/s eps 186, 3056=  -21 u 414 ploss -0.002 vloss 0.047 ent 1.740 kl 0.000 avg -20.8
0:ppo frame: 619137  473/s eps 187, 3056=  -21 u 416 ploss -0.001 vloss 0.046 ent 1.725 kl 0.001 avg -20.8
0:ppo frame: 622193  471/s eps 188, 3056=  -21 u 418 ploss -0.001 vloss 0.046 ent 1.739 kl 0.001 avg -20.8
0:ppo frame: 625249  471/s eps 189, 3056=  -21 u 420 ploss -0.001 vloss 0.046 ent 1.744 kl 0.000 avg -20.8
0:ppo frame: 628305  472/s eps 190, 3056=  -21 u 422 ploss -0.001 vloss 0.046 ent 1.772 kl 0.001 avg -20.8
0:ppo frame: 631433  484/s eps 191, 3128=  -21 u 424 ploss -0.002 vloss 0.046 ent 1.766 kl 0.002 avg -20.8
0:ppo frame: 634729  486/s eps 192, 3296=  -21 u 426 ploss -0.001 vloss 0.046 ent 1.775 kl 0.000 avg -20.9
0:ppo frame: 639693  469/s eps 193, 4964=  -18 u 430 ploss -0.002 vloss 0.033 ent 1.783 kl 0.002 avg -20.9
0:ppo frame: 643060  492/s eps 194, 3367=  -20 u 432 ploss -0.001 vloss 0.046 ent 1.776 kl 0.000 avg -20.8
0:ppo frame: 646430  440/s eps 195, 3370=  -20 u 435 ploss -0.000 vloss 0.046 ent 1.777 kl 0.001 avg -20.7
0:ppo frame: 650069  495/s eps 196, 3639=  -21 u 437 ploss -0.004 vloss 0.041 ent 1.785 kl 0.001 avg -20.7
0:ppo frame: 654016  467/s eps 197, 3947=  -20 u 440 ploss -0.000 vloss 0.046 ent 1.786 kl -0.000 avg -20.8
0:ppo frame: 657568  454/s eps 198, 3552=  -21 u 443 ploss -0.001 vloss 0.046 ent 1.782 kl 0.000 avg -20.8
0:ppo frame: 661470  517/s eps 199, 3902=  -19 u 445 ploss -0.001 vloss 0.040 ent 1.785 kl 0.001 avg -20.8
0:ppo frame: 664844  446/s eps 200, 3374=  -20 u 448 ploss -0.001 vloss 0.052 ent 1.784 kl -0.000 avg -20.7
0:ppo frame: 667975  476/s eps 201, 3131=  -21 u 450 ploss -0.000 vloss 0.046 ent 1.786 kl -0.000 avg -20.7
0:ppo frame: 671845  464/s eps 202, 3870=  -19 u 453 ploss -0.000 vloss 0.047 ent 1.786 kl -0.000 avg -20.7
0:ppo frame: 675172  486/s eps 203, 3327=  -21 u 455 ploss -0.000 vloss 0.046 ent 1.788 kl -0.000 avg -20.6
0:ppo frame: 678543  485/s eps 204, 3371=  -21 u 457 ploss -0.000 vloss 0.046 ent 1.789 kl 0.000 avg -20.6
0:ppo frame: 682431  440/s eps 205, 3888=  -21 u 460 ploss -0.001 vloss 0.041 ent 1.786 kl 0.000 avg -20.6
0:ppo frame: 686488  463/s eps 206, 4057=  -18 u 463 ploss -0.000 vloss 0.052 ent 1.783 kl 0.000 avg -20.6
0:ppo frame: 690324  448/s eps 207, 3836=  -20 u 466 ploss 0.000 vloss 0.046 ent 1.783 kl -0.000 avg -20.5
0:ppo frame: 694523  453/s eps 208, 4199=  -20 u 469 ploss -0.001 vloss 0.051 ent 1.783 kl 0.000 avg -20.5
0:ppo frame: 697890  458/s eps 209, 3367=  -20 u 471 ploss -0.000 vloss 0.052 ent 1.780 kl 0.000 avg -20.4
0:ppo frame: 701264  464/s eps 210, 3374=  -20 u 473 ploss -0.000 vloss 0.046 ent 1.781 kl 0.000 avg -20.4
0:ppo frame: 704432  455/s eps 211, 3168=  -21 u 475 ploss -0.001 vloss 0.050 ent 1.776 kl -0.001 avg -20.4
0:ppo frame: 708080  426/s eps 212, 3648=  -21 u 478 ploss -0.000 vloss 0.036 ent 1.782 kl -0.000 avg -20.4
0:ppo frame: 711376  483/s eps 213, 3296=  -21 u 480 ploss -0.000 vloss 0.046 ent 1.783 kl -0.000 avg -20.4
0:ppo frame: 715040  455/s eps 214, 3664=  -20 u 483 ploss -0.000 vloss 0.046 ent 1.784 kl -0.000 avg -20.4
0:ppo frame: 718483  485/s eps 215, 3443=  -20 u 485 ploss -0.000 vloss 0.048 ent 1.787 kl -0.000 avg -20.3
0:ppo frame: 721962  447/s eps 216, 3479=  -20 u 488 ploss -0.000 vloss 0.047 ent 1.785 kl 0.000 avg -20.3
0:ppo frame: 725560  489/s eps 217, 3598=  -20 u 490 ploss -0.000 vloss 0.041 ent 1.785 kl 0.000 avg -20.2
0:ppo frame: 729039  489/s eps 218, 3479=  -20 u 492 ploss -0.000 vloss 0.050 ent 1.783 kl -0.001 avg -20.2
0:ppo frame: 732447  441/s eps 219, 3408=  -21 u 495 ploss -0.000 vloss 0.046 ent 1.777 kl -0.000 avg -20.1
0:ppo frame: 735503  468/s eps 220, 3056=  -21 u 497 ploss 0.000 vloss 0.052 ent 1.782 kl 0.000 avg -20.2
0:ppo frame: 739433  464/s eps 221, 3930=  -19 u 500 ploss -0.000 vloss 0.040 ent 1.783 kl 0.000 avg -20.2
0:ppo frame: 742969  487/s eps 222, 3536=  -21 u 502 ploss -0.000 vloss 0.046 ent 1.781 kl 0.000 avg -20.2
0:ppo frame: 747152  488/s eps 223, 4183=  -20 u 505 ploss -0.002 vloss 0.041 ent 1.772 kl -0.000 avg -20.2
0:ppo frame: 750808  458/s eps 224, 3656=  -21 u 508 ploss -0.001 vloss 0.035 ent 1.782 kl 0.001 avg -20.2
0:ppo frame: 753976  475/s eps 225, 3168=  -21 u 510 ploss -0.000 vloss 0.046 ent 1.775 kl -0.000 avg -20.2
0:ppo frame: 757272  468/s eps 226, 3296=  -21 u 512 ploss -0.000 vloss 0.051 ent 1.777 kl -0.000 avg -20.3
0:ppo frame: 761234  467/s eps 227, 3962=  -20 u 515 ploss -0.000 vloss 0.041 ent 1.778 kl 0.000 avg -20.3
0:ppo frame: 764646  488/s eps 228, 3412=  -21 u 517 ploss -0.000 vloss 0.046 ent 1.781 kl 0.000 avg -20.3
0:ppo frame: 768253  454/s eps 229, 3607=  -20 u 520 ploss -0.000 vloss 0.051 ent 1.784 kl 0.000 avg -20.3
0:ppo frame: 771493  478/s eps 230, 3240=  -21 u 522 ploss -0.000 vloss 0.046 ent 1.782 kl 0.000 avg -20.3
0:ppo frame: 774661  476/s eps 231, 3168=  -21 u 524 ploss -0.001 vloss 0.047 ent 1.781 kl -0.001 avg -20.4
0:ppo frame: 777957  520/s eps 232, 3296=  -21 u 526 ploss -0.001 vloss 0.046 ent 1.780 kl 0.000 avg -20.4
0:ppo frame: 781663  462/s eps 233, 3706=  -20 u 529 ploss -0.000 vloss 0.046 ent 1.783 kl 0.000 avg -20.4
0:ppo frame: 784959  486/s eps 234, 3296=  -21 u 531 ploss -0.000 vloss 0.046 ent 1.780 kl 0.000 avg -20.4
0:ppo frame: 788255  485/s eps 235, 3296=  -21 u 533 ploss -0.000 vloss 0.041 ent 1.783 kl -0.000 avg -20.5
0:ppo frame: 791615  446/s eps 236, 3360=  -21 u 536 ploss -0.001 vloss 0.046 ent 1.778 kl 0.000 avg -20.5
0:ppo frame: 795696  475/s eps 237, 4081=  -20 u 539 ploss -0.001 vloss 0.035 ent 1.782 kl 0.001 avg -20.5
0:ppo frame: 798752  455/s eps 238, 3056=  -21 u 541 ploss -0.001 vloss 0.046 ent 1.780 kl 0.000 avg -20.5
0:ppo frame: 802048  488/s eps 239, 3296=  -21 u 543 ploss -0.000 vloss 0.041 ent 1.775 kl 0.000 avg -20.6
0:ppo frame: 805344  473/s eps 240, 3296=  -21 u 545 ploss -0.002 vloss 0.046 ent 1.777 kl 0.000 avg -20.6
0:ppo frame: 808640  483/s eps 241, 3296=  -21 u 547 ploss -0.000 vloss 0.046 ent 1.778 kl -0.000 avg -20.6
0:ppo frame: 812517  474/s eps 242, 3877=  -21 u 550 ploss -0.000 vloss 0.046 ent 1.778 kl -0.000 avg -20.6
0:ppo frame: 815813  485/s eps 243, 3296=  -21 u 552 ploss -0.000 vloss 0.046 ent 1.779 kl 0.000 avg -20.6
0:ppo frame: 818981  488/s eps 244, 3168=  -21 u 554 ploss -0.002 vloss 0.050 ent 1.777 kl 0.001 avg -20.6
0:ppo frame: 822701  460/s eps 245, 3720=  -21 u 557 ploss -0.000 vloss 0.046 ent 1.773 kl 0.001 avg -20.7
0:ppo frame: 826080  490/s eps 246, 3379=  -21 u 559 ploss -0.000 vloss 0.046 ent 1.774 kl 0.000 avg -20.7
0:ppo frame: 829212  477/s eps 247, 3132=  -21 u 561 ploss -0.000 vloss 0.047 ent 1.778 kl 0.000 avg -20.7
0:ppo frame: 832508  487/s eps 248, 3296=  -21 u 563 ploss -0.000 vloss 0.046 ent 1.776 kl 0.000 avg -20.8
0:ppo frame: 835987  448/s eps 249, 3479=  -20 u 566 ploss -0.000 vloss 0.051 ent 1.782 kl 0.000 avg -20.8
0:ppo frame: 839155  482/s eps 250, 3168=  -21 u 568 ploss -0.000 vloss 0.046 ent 1.783 kl 0.000 avg -20.7
0:ppo frame: 842526  495/s eps 251, 3371=  -21 u 570 ploss -0.001 vloss 0.048 ent 1.782 kl 0.000 avg -20.8
0:ppo frame: 845893  452/s eps 252, 3367=  -20 u 573 ploss -0.000 vloss 0.046 ent 1.778 kl 0.000 avg -20.8
0:ppo frame: 849189  480/s eps 253, 3296=  -21 u 575 ploss -0.000 vloss 0.046 ent 1.770 kl 0.000 avg -20.8
0:ppo frame: 852863  501/s eps 254, 3674=  -20 u 577 ploss -0.001 vloss 0.046 ent 1.777 kl 0.000 avg -20.8
0:ppo frame: 856147  453/s eps 255, 3284=  -21 u 580 ploss -0.000 vloss 0.046 ent 1.778 kl 0.000 avg -20.8
0:ppo frame: 859517  489/s eps 256, 3370=  -20 u 582 ploss -0.000 vloss 0.049 ent 1.775 kl 0.001 avg -20.8
0:ppo frame: 862890  490/s eps 257, 3373=  -20 u 584 ploss -0.001 vloss 0.051 ent 1.772 kl 0.000 avg -20.8
0:ppo frame: 866369  455/s eps 258, 3479=  -20 u 587 ploss -0.000 vloss 0.046 ent 1.771 kl -0.000 avg -20.7
0:ppo frame: 869804  482/s eps 259, 3435=  -20 u 589 ploss -0.002 vloss 0.046 ent 1.772 kl -0.000 avg -20.7
0:ppo frame: 873171  493/s eps 260, 3367=  -20 u 591 ploss -0.000 vloss 0.046 ent 1.774 kl 0.000 avg -20.7
0:ppo frame: 876764  449/s eps 261, 3593=  -20 u 594 ploss -0.000 vloss 0.046 ent 1.780 kl 0.000 avg -20.7
0:ppo frame: 880064  484/s eps 262, 3300=  -21 u 596 ploss -0.000 vloss 0.046 ent 1.781 kl 0.000 avg -20.6
0:ppo frame: 883232  479/s eps 263, 3168=  -21 u 598 ploss -0.000 vloss 0.051 ent 1.779 kl 0.000 avg -20.7
0:ppo frame: 886602  491/s eps 264, 3370=  -20 u 600 ploss -0.000 vloss 0.046 ent 1.780 kl -0.000 avg -20.7
0:ppo frame: 889902  422/s eps 265, 3300=  -21 u 603 ploss 0.000 vloss 0.046 ent 1.780 kl -0.000 avg -20.6
0:ppo frame: 893629  448/s eps 266, 3727=  -20 u 605 ploss -0.000 vloss 0.046 ent 1.782 kl 0.000 avg -20.6
0:ppo frame: 896996  451/s eps 267, 3367=  -20 u 607 ploss -0.000 vloss 0.041 ent 1.783 kl 0.000 avg -20.6
0:ppo frame: 900609  437/s eps 268, 3613=  -20 u 610 ploss -0.001 vloss 0.046 ent 1.781 kl 0.000 avg -20.6
0:ppo frame: 905358  459/s eps 269, 4749=  -20 u 614 ploss -0.000 vloss 0.041 ent 1.781 kl -0.000 avg -20.6
0:ppo frame: 908638  470/s eps 270, 3280=  -21 u 616 ploss -0.001 vloss 0.046 ent 1.777 kl -0.000 avg -20.5
0:ppo frame: 911934  457/s eps 271, 3296=  -21 u 618 ploss -0.001 vloss 0.046 ent 1.782 kl -0.000 avg -20.5
0:ppo frame: 915307  490/s eps 272, 3373=  -20 u 620 ploss -0.000 vloss 0.046 ent 1.782 kl -0.000 avg -20.5
0:ppo frame: 919195  468/s eps 273, 3888=  -21 u 623 ploss -0.001 vloss 0.051 ent 1.780 kl 0.000 avg -20.5
0:ppo frame: 922475  485/s eps 274, 3280=  -21 u 625 ploss -0.000 vloss 0.046 ent 1.784 kl 0.000 avg -20.5
0:ppo frame: 925887  448/s eps 275, 3412=  -21 u 628 ploss -0.000 vloss 0.046 ent 1.785 kl 0.000 avg -20.5
0:ppo frame: 929257  483/s eps 276, 3370=  -20 u 630 ploss -0.000 vloss 0.046 ent 1.784 kl -0.000 avg -20.5
0:ppo frame: 933145  469/s eps 277, 3888=  -21 u 633 ploss -0.000 vloss 0.046 ent 1.782 kl 0.000 avg -20.4
0:ppo frame: 936512  483/s eps 278, 3367=  -20 u 635 ploss -0.000 vloss 0.046 ent 1.785 kl -0.000 avg -20.5
0:ppo frame: 939991  492/s eps 279, 3479=  -20 u 637 ploss -0.000 vloss 0.046 ent 1.783 kl -0.000 avg -20.4
0:ppo frame: 943162  436/s eps 280, 3171=  -21 u 640 ploss -0.000 vloss 0.046 ent 1.776 kl -0.000 avg -20.4
0:ppo frame: 946682  485/s eps 281, 3520=  -21 u 642 ploss -0.001 vloss 0.046 ent 1.771 kl 0.000 avg -20.4
0:ppo frame: 950575  470/s eps 282, 3893=  -21 u 645 ploss -0.000 vloss 0.041 ent 1.774 kl 0.000 avg -20.4
0:ppo frame: 954428  451/s eps 283, 3853=  -20 u 648 ploss -0.000 vloss 0.039 ent 1.781 kl 0.000 avg -20.5
0:ppo frame: 958533  476/s eps 284, 4105=  -19 u 651 ploss -0.000 vloss 0.046 ent 1.785 kl 0.000 avg -20.4
0:ppo frame: 963149  481/s eps 285, 4616=  -21 u 654 ploss -0.001 vloss 0.046 ent 1.789 kl 0.000 avg -20.4
0:ppo frame: 966445  485/s eps 286, 3296=  -21 u 656 ploss -0.000 vloss 0.051 ent 1.789 kl 0.000 avg -20.4
0:ppo frame: 969613  496/s eps 287, 3168=  -21 u 658 ploss -0.000 vloss 0.046 ent 1.788 kl 0.000 avg -20.5
0:ppo frame: 972963  447/s eps 288, 3350=  -20 u 661 ploss 0.000 vloss 0.046 ent 1.784 kl -0.000 avg -20.5
0:ppo frame: 976929  473/s eps 289, 3966=  -20 u 664 ploss -0.000 vloss 0.034 ent 1.780 kl 0.000 avg -20.5
0:ppo frame: 980296  482/s eps 290, 3367=  -20 u 666 ploss -0.002 vloss 0.046 ent 1.767 kl -0.001 avg -20.5
0:ppo frame: 983352  472/s eps 291, 3056=  -21 u 668 ploss -0.000 vloss 0.046 ent 1.768 kl 0.000 avg -20.5
0:ppo frame: 986520  482/s eps 292, 3168=  -21 u 670 ploss -0.001 vloss 0.052 ent 1.777 kl -0.000 avg -20.5
0:ppo frame: 989816  489/s eps 293, 3296=  -21 u 672 ploss -0.002 vloss 0.046 ent 1.770 kl -0.000 avg -20.5
0:ppo frame: 993472  460/s eps 294, 3656=  -21 u 675 ploss -0.000 vloss 0.046 ent 1.762 kl 0.001 avg -20.5
0:ppo frame: 996890  486/s eps 295, 3418=  -21 u 677 ploss -0.000 vloss 0.051 ent 1.765 kl -0.000 avg -20.5
0:ppo frame:1000329  499/s eps 296, 3439=  -20 u 679 ploss -0.001 vloss 0.046 ent 1.770 kl 0.000 avg -20.6
0:ppo frame:1003696  454/s eps 297, 3367=  -20 u 682 ploss -0.000 vloss 0.046 ent 1.769 kl 0.000 avg -20.6
0:ppo frame:1007295  495/s eps 298, 3599=  -20 u 684 ploss -0.000 vloss 0.047 ent 1.778 kl -0.000 avg -20.6
0:ppo frame:1010645  487/s eps 299, 3350=  -20 u 686 ploss 0.000 vloss 0.046 ent 1.781 kl -0.000 avg -20.5
0:ppo frame:1013777  438/s eps 300, 3132=  -21 u 689 ploss -0.000 vloss 0.046 ent 1.779 kl 0.000 avg -20.5
0:ppo frame:1018425  488/s eps 301, 4648=  -21 u 692 ploss 0.000 vloss 0.024 ent 1.778 kl 0.000 avg -20.5
0:ppo frame:1022081  450/s eps 302, 3656=  -21 u 695 ploss -0.001 vloss 0.052 ent 1.776 kl -0.000 avg -20.5
0:ppo frame:1025448  483/s eps 303, 3367=  -20 u 697 ploss -0.000 vloss 0.046 ent 1.784 kl -0.000 avg -20.5
0:ppo frame:1028744  486/s eps 304, 3296=  -21 u 699 ploss -0.001 vloss 0.046 ent 1.787 kl 0.000 avg -20.5
0:ppo frame:1032229  445/s eps 305, 3485=  -20 u 702 ploss -0.000 vloss 0.046 ent 1.785 kl -0.000 avg -20.5
0:ppo frame:1035637  479/s eps 306, 3408=  -21 u 704 ploss -0.000 vloss 0.046 ent 1.787 kl 0.000 avg -20.5
0:ppo frame:1039409  472/s eps 307, 3772=  -21 u 707 ploss -0.000 vloss 0.041 ent 1.791 kl -0.001 avg -20.5
0:ppo frame:1042983  496/s eps 308, 3574=  -20 u 709 ploss -0.000 vloss 0.048 ent 1.791 kl 0.000 avg -20.6
0:ppo frame:1046263  485/s eps 309, 3280=  -21 u 711 ploss -0.000 vloss 0.041 ent 1.791 kl -0.000 avg -20.5
0:ppo frame:1049745  450/s eps 310, 3482=  -20 u 714 ploss -0.000 vloss 0.046 ent 1.790 kl -0.000 avg -20.5
0:ppo frame:1053093  479/s eps 311, 3348=  -20 u 716 ploss -0.000 vloss 0.046 ent 1.785 kl -0.000 avg -20.5
0:ppo frame:1056488  485/s eps 312, 3395=  -21 u 718 ploss -0.000 vloss 0.047 ent 1.785 kl 0.000 avg -20.5
0:ppo frame:1059855  445/s eps 313, 3367=  -20 u 721 ploss -0.000 vloss 0.046 ent 1.785 kl 0.000 avg -20.5
0:ppo frame:1063151  484/s eps 314, 3296=  -21 u 723 ploss -0.000 vloss 0.048 ent 1.787 kl 0.000 avg -20.6
0:ppo frame:1066447  489/s eps 315, 3296=  -21 u 725 ploss -0.000 vloss 0.046 ent 1.782 kl 0.001 avg -20.6
0:ppo frame:1070065  492/s eps 316, 3618=  -20 u 727 ploss -0.000 vloss 0.046 ent 1.782 kl 0.000 avg -20.5
0:ppo frame:1073435  442/s eps 317, 3370=  -20 u 730 ploss -0.000 vloss 0.046 ent 1.775 kl -0.000 avg -20.5
0:ppo frame:1076731  479/s eps 318, 3296=  -21 u 732 ploss -0.001 vloss 0.046 ent 1.775 kl -0.000 avg -20.5
0:ppo frame:1080027  483/s eps 319, 3296=  -21 u 734 ploss -0.001 vloss 0.046 ent 1.769 kl 0.000 avg -20.6
0:ppo frame:1083394  445/s eps 320, 3367=  -20 u 737 ploss -0.001 vloss 0.046 ent 1.765 kl 0.001 avg -20.6
0:ppo frame:1086764  484/s eps 321, 3370=  -20 u 739 ploss -0.001 vloss 0.046 ent 1.768 kl 0.000 avg -20.6
0:ppo frame:1090137  483/s eps 322, 3373=  -20 u 741 ploss -0.001 vloss 0.046 ent 1.759 kl 0.000 avg -20.5
0:ppo frame:1093673  443/s eps 323, 3536=  -21 u 744 ploss -0.001 vloss 0.046 ent 1.745 kl 0.001 avg -20.5
0:ppo frame:1097159  462/s eps 324, 3486=  -20 u 746 ploss -0.000 vloss 0.046 ent 1.749 kl 0.001 avg -20.5
0:ppo frame:1100327  479/s eps 325, 3168=  -21 u 748 ploss -0.001 vloss 0.052 ent 1.766 kl 0.000 avg -20.4
0:ppo frame:1103495  476/s eps 326, 3168=  -21 u 750 ploss -0.001 vloss 0.046 ent 1.753 kl 0.001 avg -20.5
0:ppo frame:1106846  485/s eps 327, 3351=  -20 u 752 ploss -0.000 vloss 0.046 ent 1.749 kl 0.000 avg -20.5
0:ppo frame:1110014  478/s eps 328, 3168=  -21 u 754 ploss -0.001 vloss 0.041 ent 1.768 kl 0.001 avg -20.5
0:ppo frame:1113384  439/s eps 329, 3370=  -20 u 757 ploss -0.001 vloss 0.046 ent 1.777 kl -0.001 avg -20.6
0:ppo frame:1116668  478/s eps 330, 3284=  -21 u 759 ploss -0.001 vloss 0.046 ent 1.780 kl -0.000 avg -20.5
0:ppo frame:1120039  497/s eps 331, 3371=  -20 u 761 ploss -0.001 vloss 0.051 ent 1.776 kl -0.000 avg -20.5
0:ppo frame:1123831  457/s eps 332, 3792=  -21 u 764 ploss -0.001 vloss 0.046 ent 1.779 kl -0.000 avg -20.5
0:ppo frame:1127371  492/s eps 333, 3540=  -21 u 766 ploss -0.001 vloss 0.052 ent 1.778 kl -0.000 avg -20.5
0:ppo frame:1130651  425/s eps 334, 3280=  -21 u 769 ploss -0.001 vloss 0.046 ent 1.775 kl -0.000 avg -20.5
0:ppo frame:1134266  482/s eps 335, 3615=  -20 u 771 ploss -0.000 vloss 0.048 ent 1.780 kl -0.000 avg -20.6
0:ppo frame:1137617  472/s eps 336, 3351=  -20 u 773 ploss -0.001 vloss 0.052 ent 1.774 kl -0.000 avg -20.5
0:ppo frame:1140748  402/s eps 337, 3131=  -21 u 776 ploss -0.000 vloss 0.046 ent 1.769 kl 0.001 avg -20.5
0:ppo frame:1144160  437/s eps 338, 3412=  -21 u 778 ploss -0.001 vloss 0.046 ent 1.771 kl 0.000 avg -20.5
0:ppo frame:1147511  467/s eps 339, 3351=  -20 u 780 ploss -0.001 vloss 0.046 ent 1.758 kl 0.000 avg -20.5
0:ppo frame:1150807  464/s eps 340, 3296=  -21 u 782 ploss -0.002 vloss 0.046 ent 1.769 kl -0.000 avg -20.5
0:ppo frame:1154103  442/s eps 341, 3296=  -21 u 785 ploss -0.000 vloss 0.046 ent 1.777 kl 0.000 avg -20.6
0:ppo frame:1158182  475/s eps 342, 4079=  -20 u 788 ploss 0.000 vloss 0.034 ent 1.783 kl -0.000 avg -20.6
0:ppo frame:1162141  503/s eps 343, 3959=  -20 u 790 ploss -0.000 vloss 0.046 ent 1.782 kl -0.000 avg -20.6
0:ppo frame:1165508  440/s eps 344, 3367=  -20 u 793 ploss -0.000 vloss 0.046 ent 1.783 kl 0.000 avg -20.5
0:ppo frame:1168878  452/s eps 345, 3370=  -20 u 795 ploss -0.000 vloss 0.046 ent 1.783 kl -0.000 avg -20.5
0:ppo frame:1172491  417/s eps 346, 3613=  -20 u 798 ploss -0.001 vloss 0.046 ent 1.788 kl 0.000 avg -20.5
0:ppo frame:1176251  477/s eps 347, 3760=  -21 u 800 ploss -0.000 vloss 0.041 ent 1.789 kl 0.000 avg -20.5
0:ppo frame:1179547  481/s eps 348, 3296=  -21 u 802 ploss -0.000 vloss 0.046 ent 1.788 kl -0.000 avg -20.5
0:ppo frame:1182843  442/s eps 349, 3296=  -21 u 805 ploss -0.001 vloss 0.051 ent 1.785 kl 0.001 avg -20.5
0:ppo frame:1186210  477/s eps 350, 3367=  -20 u 807 ploss -0.000 vloss 0.052 ent 1.784 kl 0.000 avg -20.5
0:ppo frame:1189514  488/s eps 351, 3304=  -21 u 809 ploss -0.000 vloss 0.046 ent 1.781 kl 0.000 avg -20.5
0:ppo frame:1192888  491/s eps 352, 3374=  -20 u 811 ploss -0.000 vloss 0.051 ent 1.779 kl -0.000 avg -20.6
0:ppo frame:1196056  444/s eps 353, 3168=  -21 u 814 ploss -0.000 vloss 0.046 ent 1.783 kl 0.000 avg -20.5
0:ppo frame:1199464  485/s eps 354, 3408=  -21 u 816 ploss -0.001 vloss 0.046 ent 1.776 kl -0.000 avg -20.6
0:ppo frame:1202835  491/s eps 355, 3371=  -20 u 818 ploss -0.001 vloss 0.048 ent 1.773 kl 0.000 avg -20.6
0:ppo frame:1206442  463/s eps 356, 3607=  -20 u 821 ploss -0.001 vloss 0.046 ent 1.776 kl 0.001 avg -20.5
0:ppo frame:1209738  482/s eps 357, 3296=  -21 u 823 ploss -0.000 vloss 0.051 ent 1.773 kl 0.000 avg -20.5
0:ppo frame:1213111  492/s eps 358, 3373=  -20 u 825 ploss -0.001 vloss 0.052 ent 1.777 kl -0.000 avg -20.5
0:ppo frame:1216790  465/s eps 359, 3679=  -20 u 828 ploss -0.002 vloss 0.052 ent 1.786 kl 0.001 avg -20.5
0:ppo frame:1220163  494/s eps 360, 3373=  -20 u 830 ploss -0.002 vloss 0.046 ent 1.770 kl 0.002 avg -20.5
0:ppo frame:1223331  482/s eps 361, 3168=  -21 u 832 ploss -0.006 vloss 0.051 ent 1.749 kl 0.008 avg -20.5
0:ppo frame:1226631  474/s eps 362, 3300=  -21 u 834 ploss -0.002 vloss 0.046 ent 1.768 kl -0.002 avg -20.5
0:ppo frame:1231085  451/s eps 363, 4454=  -20 u 838 ploss -0.000 vloss 0.017 ent 1.784 kl 0.000 avg -20.5
0:ppo frame:1234381  474/s eps 364, 3296=  -21 u 840 ploss -0.001 vloss 0.046 ent 1.767 kl 0.001 avg -20.4
0:ppo frame:1237860  495/s eps 365, 3479=  -20 u 842 ploss -0.000 vloss 0.041 ent 1.742 kl 0.002 avg -20.5
0:ppo frame:1240916  479/s eps 366, 3056=  -21 u 844 ploss -0.003 vloss 0.046 ent 1.683 kl 0.002 avg -20.5
0:ppo frame:1243972  477/s eps 367, 3056=  -21 u 846 ploss -0.003 vloss 0.052 ent 1.682 kl -0.001 avg -20.5
0:ppo frame:1247028  476/s eps 368, 3056=  -21 u 848 ploss -0.003 vloss 0.051 ent 1.699 kl -0.000 avg -20.5
0:ppo frame:1250084  475/s eps 369, 3056=  -21 u 850 ploss -0.001 vloss 0.050 ent 1.722 kl 0.000 avg -20.5
0:ppo frame:1253563  457/s eps 370, 3479=  -20 u 853 ploss -0.003 vloss 0.046 ent 1.720 kl 0.000 avg -20.5
0:ppo frame:1256619  477/s eps 371, 3056=  -21 u 855 ploss -0.000 vloss 0.046 ent 1.731 kl 0.000 avg -20.5
0:ppo frame:1259986  485/s eps 372, 3367=  -20 u 857 ploss -0.002 vloss 0.047 ent 1.759 kl -0.000 avg -20.5
0:ppo frame:1263353  492/s eps 373, 3367=  -20 u 859 ploss -0.000 vloss 0.046 ent 1.704 kl 0.000 avg -20.5
0:ppo frame:1266720  444/s eps 374, 3367=  -20 u 862 ploss -0.001 vloss 0.046 ent 1.655 kl 0.000 avg -20.5
0:ppo frame:1270016  483/s eps 375, 3296=  -21 u 864 ploss -0.001 vloss 0.051 ent 1.722 kl -0.000 avg -20.5
0:ppo frame:1273312  485/s eps 376, 3296=  -21 u 866 ploss -0.001 vloss 0.046 ent 1.690 kl 0.001 avg -20.5
0:ppo frame:1276679  491/s eps 377, 3367=  -20 u 868 ploss -0.001 vloss 0.046 ent 1.687 kl -0.000 avg -20.6
0:ppo frame:1280046  443/s eps 378, 3367=  -20 u 871 ploss -0.002 vloss 0.046 ent 1.673 kl 0.002 avg -20.5
0:ppo frame:1283214  479/s eps 379, 3168=  -21 u 873 ploss -0.001 vloss 0.046 ent 1.648 kl 0.000 avg -20.5
0:ppo frame:1286565  483/s eps 380, 3351=  -20 u 875 ploss -0.003 vloss 0.046 ent 1.610 kl 0.001 avg -20.5
0:ppo frame:1289861  486/s eps 381, 3296=  -21 u 877 ploss -0.002 vloss 0.041 ent 1.694 kl 0.003 avg -20.5
0:ppo frame:1293340  456/s eps 382, 3479=  -20 u 880 ploss -0.000 vloss 0.046 ent 1.694 kl 0.001 avg -20.5
0:ppo frame:1296471  481/s eps 383, 3131=  -21 u 882 ploss -0.000 vloss 0.046 ent 1.683 kl 0.000 avg -20.5
0:ppo frame:1299883  493/s eps 384, 3412=  -21 u 884 ploss -0.000 vloss 0.046 ent 1.722 kl -0.000 avg -20.5
0:ppo frame:1303183  492/s eps 385, 3300=  -21 u 886 ploss -0.001 vloss 0.046 ent 1.703 kl 0.001 avg -20.5
0:ppo frame:1306479  485/s eps 386, 3296=  -21 u 888 ploss -0.004 vloss 0.046 ent 1.679 kl 0.003 avg -20.5
0:ppo frame:1310100  451/s eps 387, 3621=  -20 u 891 ploss -0.004 vloss 0.051 ent 1.604 kl 0.005 avg -20.6
0:ppo frame:1313396  481/s eps 388, 3296=  -21 u 893 ploss -0.002 vloss 0.046 ent 1.619 kl -0.000 avg -20.5
0:ppo frame:1316692  482/s eps 389, 3296=  -21 u 895 ploss -0.001 vloss 0.046 ent 1.651 kl 0.001 avg -20.6
0:ppo frame:1320734  472/s eps 390, 4042=  -20 u 898 ploss -0.002 vloss 0.041 ent 1.641 kl 0.003 avg -20.6
0:ppo frame:1323790  445/s eps 391, 3056=  -21 u 900 ploss -0.001 vloss 0.046 ent 1.686 kl 0.000 avg -20.6
0:ppo frame:1327337  418/s eps 392, 3547=  -20 u 903 ploss -0.007 vloss 0.046 ent 1.689 kl 0.001 avg -20.6
0:ppo frame:1330633  444/s eps 393, 3296=  -21 u 905 ploss -0.001 vloss 0.035 ent 1.734 kl 0.000 avg -20.6
0:ppo frame:1334000  471/s eps 394, 3367=  -20 u 907 ploss -0.001 vloss 0.046 ent 1.685 kl 0.002 avg -20.6
0:ppo frame:1337056  471/s eps 395, 3056=  -21 u 909 ploss -0.007 vloss 0.046 ent 1.621 kl 0.003 avg -20.6
0:ppo frame:1340112  460/s eps 396, 3056=  -21 u 911 ploss -0.004 vloss 0.046 ent 1.610 kl 0.004 avg -20.6
0:ppo frame:1343168  435/s eps 397, 3056=  -21 u 913 ploss -0.001 vloss 0.046 ent 1.638 kl 0.000 avg -20.6
0:ppo frame:1346224  444/s eps 398, 3056=  -21 u 915 ploss -0.001 vloss 0.052 ent 1.658 kl 0.003 avg -20.6
0:ppo frame:1349280  471/s eps 399, 3056=  -21 u 917 ploss -0.002 vloss 0.051 ent 1.683 kl 0.001 avg -20.6
0:ppo frame:1353009  458/s eps 400, 3729=  -20 u 920 ploss -0.002 vloss 0.034 ent 1.696 kl 0.000 avg -20.6
0:ppo frame:1356065  471/s eps 401, 3056=  -21 u 922 ploss -0.001 vloss 0.046 ent 1.701 kl 0.001 avg -20.6
0:ppo frame:1359121  469/s eps 402, 3056=  -21 u 924 ploss 0.000 vloss 0.052 ent 1.702 kl -0.000 avg -20.6
0:ppo frame:1362289  474/s eps 403, 3168=  -21 u 926 ploss -0.001 vloss 0.046 ent 1.705 kl 0.001 avg -20.6
0:ppo frame:1365812  494/s eps 404, 3523=  -21 u 928 ploss -0.001 vloss 0.046 ent 1.742 kl 0.001 avg -20.7
0:ppo frame:1369108  444/s eps 405, 3296=  -21 u 931 ploss -0.000 vloss 0.035 ent 1.725 kl 0.000 avg -20.7
0:ppo frame:1373288  477/s eps 406, 4180=  -19 u 934 ploss -0.002 vloss 0.040 ent 1.760 kl 0.001 avg -20.7
0:ppo frame:1376344  461/s eps 407, 3056=  -21 u 936 ploss -0.001 vloss 0.046 ent 1.766 kl -0.001 avg -20.6
0:ppo frame:1379400  473/s eps 408, 3056=  -21 u 938 ploss -0.000 vloss 0.046 ent 1.763 kl -0.001 avg -20.7
0:ppo frame:1382456  474/s eps 409, 3056=  -21 u 940 ploss -0.001 vloss 0.046 ent 1.770 kl -0.001 avg -20.7
0:ppo frame:1386009  490/s eps 410, 3553=  -20 u 942 ploss -0.001 vloss 0.051 ent 1.773 kl 0.000 avg -20.7
0:ppo frame:1389499  500/s eps 411, 3490=  -20 u 944 ploss -0.001 vloss 0.051 ent 1.775 kl -0.001 avg -20.7
0:ppo frame:1392555  459/s eps 412, 3056=  -21 u 946 ploss 0.000 vloss 0.048 ent 1.774 kl -0.000 avg -20.7
0:ppo frame:1395611  453/s eps 413, 3056=  -21 u 948 ploss -0.000 vloss 0.046 ent 1.781 kl 0.000 avg -20.7
0:ppo frame:1399429  445/s eps 414, 3818=  -19 u 951 ploss -0.000 vloss 0.046 ent 1.760 kl -0.001 avg -20.7
0:ppo frame:1402485  463/s eps 415, 3056=  -21 u 953 ploss -0.001 vloss 0.046 ent 1.767 kl -0.000 avg -20.6
0:ppo frame:1405541  475/s eps 416, 3056=  -21 u 955 ploss -0.001 vloss 0.046 ent 1.768 kl 0.001 avg -20.6
0:ppo frame:1408597  481/s eps 417, 3056=  -21 u 957 ploss -0.002 vloss 0.046 ent 1.781 kl -0.003 avg -20.6
0:ppo frame:1411653  475/s eps 418, 3056=  -21 u 959 ploss -0.000 vloss 0.046 ent 1.783 kl 0.000 avg -20.6
0:ppo frame:1414709  475/s eps 419, 3056=  -21 u 961 ploss -0.002 vloss 0.046 ent 1.775 kl 0.001 avg -20.7
0:ppo frame:1417765  476/s eps 420, 3056=  -21 u 963 ploss -0.001 vloss 0.052 ent 1.779 kl 0.000 avg -20.7
0:ppo frame:1421520  475/s eps 421, 3755=  -19 u 966 ploss -0.001 vloss 0.045 ent 1.786 kl 0.000 avg -20.7
0:ppo frame:1424576  481/s eps 422, 3056=  -21 u 968 ploss -0.000 vloss 0.046 ent 1.789 kl -0.000 avg -20.6
0:ppo frame:1429749  479/s eps 423, 5173=  -19 u 972 ploss -0.000 vloss 0.036 ent 1.789 kl 0.000 avg -20.7
0:ppo frame:1433029  482/s eps 424, 3280=  -21 u 974 ploss -0.000 vloss 0.046 ent 1.791 kl -0.000 avg -20.6
0:ppo frame:1436325  491/s eps 425, 3296=  -21 u 976 ploss -0.001 vloss 0.051 ent 1.790 kl -0.000 avg -20.6
0:ppo frame:1439701  491/s eps 426, 3376=  -21 u 978 ploss -0.001 vloss 0.041 ent 1.788 kl -0.000 avg -20.6
0:ppo frame:1442997  445/s eps 427, 3296=  -21 u 981 ploss -0.001 vloss 0.046 ent 1.784 kl 0.000 avg -20.6
0:ppo frame:1446825  505/s eps 428, 3828=  -20 u 983 ploss -0.000 vloss 0.047 ent 1.778 kl 0.000 avg -20.6
0:ppo frame:1450601  462/s eps 429, 3776=  -21 u 986 ploss -0.000 vloss 0.030 ent 1.784 kl 0.000 avg -20.6
0:ppo frame:1454564  470/s eps 430, 3963=  -20 u 989 ploss -0.000 vloss 0.041 ent 1.786 kl -0.000 avg -20.6
0:ppo frame:1457860  488/s eps 431, 3296=  -21 u 991 ploss -0.000 vloss 0.046 ent 1.785 kl 0.000 avg -20.6
0:ppo frame:1461539  460/s eps 432, 3679=  -20 u 994 ploss -0.001 vloss 0.046 ent 1.785 kl 0.000 avg -20.6
0:ppo frame:1464707  476/s eps 433, 3168=  -21 u 996 ploss -0.002 vloss 0.051 ent 1.782 kl 0.001 avg -20.6
0:ppo frame:1468321  502/s eps 434, 3614=  -20 u 998 ploss -0.001 vloss 0.050 ent 1.789 kl 0.000 avg -20.6
0:ppo frame:1471695  447/s eps 435, 3374=  -20 u 1001 ploss -0.003 vloss 0.046 ent 1.759 kl 0.001 avg -20.5
0:ppo frame:1475062  486/s eps 436, 3367=  -20 u 1003 ploss -0.000 vloss 0.046 ent 1.753 kl 0.001 avg -20.6
0:ppo frame:1478544  496/s eps 437, 3482=  -20 u 1005 ploss -0.002 vloss 0.046 ent 1.778 kl 0.002 avg -20.5
0:ppo frame:1481844  444/s eps 438, 3300=  -21 u 1008 ploss -0.000 vloss 0.051 ent 1.763 kl 0.000 avg -20.5
0:ppo frame:1485140  488/s eps 439, 3296=  -21 u 1010 ploss -0.001 vloss 0.046 ent 1.740 kl -0.001 avg -20.5
0:ppo frame:1489211  480/s eps 440, 4071=  -20 u 1013 ploss -0.001 vloss 0.047 ent 1.718 kl 0.000 avg -20.5
0:ppo frame:1492507  491/s eps 441, 3296=  -21 u 1015 ploss -0.000 vloss 0.051 ent 1.758 kl -0.001 avg -20.5
0:ppo frame:1495874  488/s eps 442, 3367=  -20 u 1017 ploss -0.001 vloss 0.052 ent 1.757 kl 0.000 avg -20.5
0:ppo frame:1499771  465/s eps 443, 3897=  -21 u 1020 ploss -0.001 vloss 0.046 ent 1.729 kl 0.000 avg -20.5
0:ppo frame:1503742  473/s eps 444, 3971=  -20 u 1023 ploss -0.001 vloss 0.046 ent 1.677 kl 0.001 avg -20.6
0:ppo frame:1507109  482/s eps 445, 3367=  -20 u 1025 ploss -0.001 vloss 0.050 ent 1.628 kl 0.001 avg -20.5
0:ppo frame:1510479  444/s eps 446, 3370=  -20 u 1028 ploss -0.001 vloss 0.046 ent 1.551 kl 0.000 avg -20.5
0:ppo frame:1513783  484/s eps 447, 3304=  -21 u 1030 ploss -0.002 vloss 0.046 ent 1.595 kl -0.000 avg -20.4
0:ppo frame:1517206  496/s eps 448, 3423=  -21 u 1032 ploss -0.001 vloss 0.046 ent 1.651 kl 0.001 avg -20.4
0:ppo frame:1521102  465/s eps 449, 3896=  -21 u 1035 ploss 0.000 vloss 0.046 ent 1.707 kl 0.000 avg -20.4
0:ppo frame:1524398  484/s eps 450, 3296=  -21 u 1037 ploss -0.001 vloss 0.052 ent 1.719 kl 0.001 avg -20.5
0:ppo frame:1527694  508/s eps 451, 3296=  -21 u 1039 ploss -0.001 vloss 0.046 ent 1.699 kl 0.001 avg -20.5
0:ppo frame:1531472  465/s eps 452, 3778=  -21 u 1042 ploss -0.002 vloss 0.046 ent 1.671 kl 0.002 avg -20.6
0:ppo frame:1534768  485/s eps 453, 3296=  -21 u 1044 ploss -0.001 vloss 0.051 ent 1.703 kl 0.000 avg -20.6
0:ppo frame:1537939  483/s eps 454, 3171=  -21 u 1046 ploss -0.001 vloss 0.046 ent 1.740 kl 0.001 avg -20.6
0:ppo frame:1541310  445/s eps 455, 3371=  -20 u 1049 ploss -0.001 vloss 0.046 ent 1.747 kl -0.000 avg -20.6
0:ppo frame:1544610  481/s eps 456, 3300=  -21 u 1051 ploss -0.001 vloss 0.052 ent 1.763 kl 0.000 avg -20.5
0:ppo frame:1548333  469/s eps 457, 3723=  -20 u 1054 ploss -0.001 vloss 0.046 ent 1.742 kl 0.000 avg -20.6
0:ppo frame:1551629  481/s eps 458, 3296=  -21 u 1056 ploss -0.001 vloss 0.052 ent 1.708 kl -0.000 avg -20.6
0:ppo frame:1554925  482/s eps 459, 3296=  -21 u 1058 ploss -0.000 vloss 0.041 ent 1.692 kl 0.000 avg -20.6
0:ppo frame:1558532  462/s eps 460, 3607=  -20 u 1061 ploss -0.000 vloss 0.046 ent 1.673 kl 0.000 avg -20.6
0:ppo frame:1562139  483/s eps 461, 3607=  -20 u 1063 ploss -0.001 vloss 0.051 ent 1.685 kl 0.001 avg -20.6
0:ppo frame:1565270  478/s eps 462, 3131=  -21 u 1065 ploss -0.000 vloss 0.046 ent 1.665 kl -0.000 avg -20.6
0:ppo frame:1568566  486/s eps 463, 3296=  -21 u 1067 ploss -0.001 vloss 0.041 ent 1.680 kl -0.000 avg -20.6
0:ppo frame:1571933  452/s eps 464, 3367=  -20 u 1070 ploss -0.003 vloss 0.046 ent 1.613 kl 0.002 avg -20.6
0:ppo frame:1575229  481/s eps 465, 3296=  -21 u 1072 ploss -0.000 vloss 0.046 ent 1.521 kl -0.001 avg -20.6
0:ppo frame:1579025  466/s eps 466, 3796=  -21 u 1075 ploss -0.001 vloss 0.041 ent 1.490 kl -0.001 avg -20.6
0:ppo frame:1582081  473/s eps 467, 3056=  -21 u 1077 ploss -0.000 vloss 0.046 ent 1.459 kl 0.001 avg -20.6
0:ppo frame:1585137  521/s eps 468, 3056=  -21 u 1078 ploss -0.000 vloss 0.044 ent 1.430 kl 0.001 avg -20.7
0:ppo frame:1588433  442/s eps 469, 3296=  -21 u 1081 ploss -0.003 vloss 0.046 ent 1.343 kl 0.001 avg -20.7
0:ppo frame:1591489  474/s eps 470, 3056=  -21 u 1083 ploss -0.002 vloss 0.046 ent 1.374 kl 0.002 avg -20.7
0:ppo frame:1594545  476/s eps 471, 3056=  -21 u 1085 ploss -0.001 vloss 0.046 ent 1.451 kl 0.001 avg -20.7
0:ppo frame:1597841  481/s eps 472, 3296=  -21 u 1087 ploss -0.001 vloss 0.041 ent 1.547 kl 0.001 avg -20.7
0:ppo frame:1601141  484/s eps 473, 3300=  -21 u 1089 ploss -0.001 vloss 0.050 ent 1.573 kl 0.000 avg -20.7
0:ppo frame:1604437  482/s eps 474, 3296=  -21 u 1091 ploss -0.001 vloss 0.046 ent 1.547 kl 0.001 avg -20.8
0:ppo frame:1607733  447/s eps 475, 3296=  -21 u 1094 ploss -0.003 vloss 0.046 ent 1.500 kl 0.000 avg -20.8
0:ppo frame:1610789  476/s eps 476, 3056=  -21 u 1096 ploss -0.001 vloss 0.046 ent 1.546 kl -0.000 avg -20.8
0:ppo frame:1613845  476/s eps 477, 3056=  -21 u 1098 ploss 0.000 vloss 0.046 ent 1.595 kl 0.000 avg -20.8
0:ppo frame:1617459  495/s eps 478, 3614=  -20 u 1100 ploss -0.001 vloss 0.046 ent 1.590 kl 0.000 avg -20.8
0:ppo frame:1620829  496/s eps 479, 3370=  -20 u 1102 ploss -0.001 vloss 0.047 ent 1.663 kl 0.000 avg -20.8
0:ppo frame:1624125  445/s eps 480, 3296=  -21 u 1105 ploss -0.004 vloss 0.046 ent 1.668 kl 0.002 avg -20.8
0:ppo frame:1627539  485/s eps 481, 3414=  -21 u 1107 ploss -0.001 vloss 0.051 ent 1.682 kl 0.001 avg -20.8
0:ppo frame:1630961  492/s eps 482, 3422=  -21 u 1109 ploss -0.000 vloss 0.046 ent 1.583 kl 0.002 avg -20.8
0:ppo frame:1634328  449/s eps 483, 3367=  -20 u 1112 ploss -0.000 vloss 0.046 ent 1.554 kl 0.001 avg -20.8
0:ppo frame:1637632  482/s eps 484, 3304=  -21 u 1114 ploss -0.001 vloss 0.051 ent 1.534 kl 0.001 avg -20.7
0:ppo frame:1641005  487/s eps 485, 3373=  -20 u 1116 ploss -0.000 vloss 0.052 ent 1.614 kl 0.000 avg -20.7
0:ppo frame:1644301  489/s eps 486, 3296=  -21 u 1118 ploss -0.000 vloss 0.046 ent 1.616 kl 0.001 avg -20.7
0:ppo frame:1647713  463/s eps 487, 3412=  -21 u 1121 ploss -0.001 vloss 0.047 ent 1.680 kl -0.000 avg -20.7
0:ppo frame:1651083  488/s eps 488, 3370=  -20 u 1123 ploss -0.000 vloss 0.051 ent 1.699 kl 0.000 avg -20.8
0:ppo frame:1654379  486/s eps 489, 3296=  -21 u 1125 ploss -0.002 vloss 0.046 ent 1.714 kl 0.001 avg -20.7
0:ppo frame:1657683  487/s eps 490, 3304=  -21 u 1127 ploss -0.000 vloss 0.046 ent 1.751 kl 0.001 avg -20.7
0:ppo frame:1661091  471/s eps 491, 3408=  -21 u 1130 ploss -0.003 vloss 0.046 ent 1.767 kl 0.001 avg -20.8
0:ppo frame:1664810  504/s eps 492, 3719=  -20 u 1132 ploss -0.002 vloss 0.051 ent 1.755 kl 0.000 avg -20.8
0:ppo frame:1668401  456/s eps 493, 3591=  -20 u 1135 ploss -0.001 vloss 0.046 ent 1.728 kl 0.001 avg -20.8
0:ppo frame:1671697  482/s eps 494, 3296=  -21 u 1137 ploss -0.000 vloss 0.051 ent 1.722 kl -0.001 avg -20.7
0:ppo frame:1675176  495/s eps 495, 3479=  -20 u 1139 ploss -0.001 vloss 0.047 ent 1.713 kl 0.000 avg -20.8
0:ppo frame:1678347  439/s eps 496, 3171=  -21 u 1142 ploss -0.002 vloss 0.046 ent 1.692 kl 0.000 avg -20.7
0:ppo frame:1681871  489/s eps 497, 3524=  -21 u 1144 ploss -0.000 vloss 0.035 ent 1.710 kl 0.001 avg -20.7
0:ppo frame:1685002  478/s eps 498, 3131=  -21 u 1146 ploss -0.001 vloss 0.050 ent 1.739 kl 0.000 avg -20.7
0:ppo frame:1688375  486/s eps 499, 3373=  -20 u 1148 ploss -0.003 vloss 0.051 ent 1.691 kl 0.000 avg -20.7
0:ppo frame:1691679  454/s eps 500, 3304=  -21 u 1151 ploss -0.001 vloss 0.046 ent 1.727 kl 0.001 avg -20.7
0:ppo frame:1695052  489/s eps 501, 3373=  -20 u 1153 ploss -0.002 vloss 0.046 ent 1.710 kl 0.002 avg -20.7
0:ppo frame:1698227  463/s eps 502, 3175=  -21 u 1155 ploss -0.001 vloss 0.041 ent 1.715 kl 0.000 avg -20.7
0:ppo frame:1701523  469/s eps 503, 3296=  -21 u 1157 ploss -0.002 vloss 0.048 ent 1.735 kl -0.001 avg -20.7
0:ppo frame:1705171  464/s eps 504, 3648=  -21 u 1160 ploss -0.000 vloss 0.046 ent 1.747 kl -0.000 avg -20.7
0:ppo frame:1708471  470/s eps 505, 3300=  -21 u 1162 ploss -0.001 vloss 0.046 ent 1.734 kl 0.001 avg -20.7
0:ppo frame:1711771  465/s eps 506, 3300=  -21 u 1164 ploss -0.000 vloss 0.051 ent 1.737 kl 0.000 avg -20.7
0:ppo frame:1715142  481/s eps 507, 3371=  -20 u 1166 ploss -0.000 vloss 0.051 ent 1.708 kl 0.000 avg -20.7
0:ppo frame:1718446  437/s eps 508, 3304=  -21 u 1169 ploss -0.001 vloss 0.046 ent 1.742 kl 0.000 avg -20.7
0:ppo frame:1721813  473/s eps 509, 3367=  -20 u 1171 ploss -0.004 vloss 0.046 ent 1.669 kl 0.001 avg -20.7
0:ppo frame:1725180  512/s eps 510, 3367=  -20 u 1173 ploss -0.001 vloss 0.046 ent 1.701 kl 0.000 avg -20.7
0:ppo frame:1728476  487/s eps 511, 3296=  -21 u 1175 ploss -0.001 vloss 0.046 ent 1.718 kl -0.000 avg -20.6
0:ppo frame:1731843  446/s eps 512, 3367=  -20 u 1178 ploss -0.000 vloss 0.051 ent 1.657 kl -0.000 avg -20.6
0:ppo frame:1735011  481/s eps 513, 3168=  -21 u 1180 ploss -0.000 vloss 0.046 ent 1.684 kl 0.001 avg -20.6
0:ppo frame:1738531  491/s eps 514, 3520=  -21 u 1182 ploss -0.000 vloss 0.052 ent 1.659 kl -0.000 avg -20.6
0:ppo frame:1741831  453/s eps 515, 3300=  -21 u 1185 ploss -0.000 vloss 0.046 ent 1.657 kl -0.000 avg -20.6
0:ppo frame:1745204  495/s eps 516, 3373=  -20 u 1187 ploss -0.001 vloss 0.046 ent 1.649 kl 0.000 avg -20.7
0:ppo frame:1748618  491/s eps 517, 3414=  -21 u 1189 ploss -0.000 vloss 0.052 ent 1.621 kl -0.000 avg -20.6
0:ppo frame:1751985  496/s eps 518, 3367=  -20 u 1191 ploss -0.001 vloss 0.050 ent 1.625 kl 0.000 avg -20.6
0:ppo frame:1755281  446/s eps 519, 3296=  -21 u 1194 ploss -0.000 vloss 0.046 ent 1.717 kl 0.000 avg -20.6
0:ppo frame:1758449  485/s eps 520, 3168=  -21 u 1196 ploss -0.000 vloss 0.049 ent 1.696 kl 0.000 avg -20.6
0:ppo frame:1761745  479/s eps 521, 3296=  -21 u 1198 ploss -0.001 vloss 0.046 ent 1.756 kl 0.001 avg -20.6
0:ppo frame:1766151  488/s eps 522, 4406=  -19 u 1201 ploss -0.000 vloss 0.047 ent 1.762 kl 0.000 avg -20.7
0:ppo frame:1769447  481/s eps 523, 3296=  -21 u 1203 ploss -0.000 vloss 0.046 ent 1.766 kl 0.000 avg -20.6
0:ppo frame:1772743  445/s eps 524, 3296=  -21 u 1206 ploss -0.001 vloss 0.046 ent 1.742 kl 0.000 avg -20.6
0:ppo frame:1776110  488/s eps 525, 3367=  -20 u 1208 ploss -0.001 vloss 0.046 ent 1.752 kl 0.001 avg -20.7
0:ppo frame:1780025  470/s eps 526, 3915=  -20 u 1211 ploss -0.000 vloss 0.046 ent 1.733 kl 0.000 avg -20.6
0:ppo frame:1783392  483/s eps 527, 3367=  -20 u 1213 ploss -0.002 vloss 0.046 ent 1.731 kl 0.001 avg -20.6
0:ppo frame:1786765  487/s eps 528, 3373=  -20 u 1215 ploss -0.000 vloss 0.046 ent 1.714 kl -0.000 avg -20.6
0:ppo frame:1790721  467/s eps 529, 3956=  -20 u 1218 ploss -0.001 vloss 0.046 ent 1.752 kl -0.000 avg -20.6
0:ppo frame:1793889  478/s eps 530, 3168=  -21 u 1220 ploss -0.001 vloss 0.046 ent 1.748 kl 0.001 avg -20.5
0:ppo frame:1797256  452/s eps 531, 3367=  -20 u 1223 ploss -0.000 vloss 0.052 ent 1.720 kl 0.000 avg -20.6
0:ppo frame:1800800  492/s eps 532, 3544=  -21 u 1225 ploss -0.000 vloss 0.046 ent 1.693 kl 0.000 avg -20.5
0:ppo frame:1804171  498/s eps 533, 3371=  -20 u 1227 ploss -0.001 vloss 0.041 ent 1.729 kl 0.000 avg -20.5
0:ppo frame:1807789  451/s eps 534, 3618=  -20 u 1230 ploss 0.000 vloss 0.046 ent 1.768 kl 0.000 avg -20.5
0:ppo frame:1811156  488/s eps 535, 3367=  -20 u 1232 ploss -0.001 vloss 0.047 ent 1.755 kl 0.001 avg -20.4
0:ppo frame:1814529  450/s eps 536, 3373=  -20 u 1235 ploss -0.000 vloss 0.046 ent 1.743 kl 0.000 avg -20.4
0:ppo frame:1817825  477/s eps 537, 3296=  -21 u 1237 ploss -0.000 vloss 0.046 ent 1.743 kl -0.000 avg -20.4
0:ppo frame:1821129  478/s eps 538, 3304=  -21 u 1239 ploss -0.000 vloss 0.046 ent 1.741 kl 0.001 avg -20.4
0:ppo frame:1824739  497/s eps 539, 3610=  -20 u 1241 ploss -0.002 vloss 0.046 ent 1.722 kl 0.000 avg -20.4
0:ppo frame:1828035  441/s eps 540, 3296=  -21 u 1244 ploss -0.001 vloss 0.046 ent 1.719 kl 0.000 avg -20.4
0:ppo frame:1832077  471/s eps 541, 4042=  -19 u 1247 ploss -0.000 vloss 0.046 ent 1.743 kl 0.000 avg -20.5
0:ppo frame:1835252  483/s eps 542, 3175=  -21 u 1249 ploss -0.002 vloss 0.050 ent 1.747 kl 0.001 avg -20.4
0:ppo frame:1838548  474/s eps 543, 3296=  -21 u 1251 ploss -0.000 vloss 0.046 ent 1.768 kl 0.001 avg -20.4
0:ppo frame:1842196  463/s eps 544, 3648=  -21 u 1254 ploss -0.001 vloss 0.046 ent 1.778 kl 0.001 avg -20.4
0:ppo frame:1846033  501/s eps 545, 3837=  -21 u 1256 ploss -0.001 vloss 0.041 ent 1.786 kl 0.000 avg -20.4
0:ppo frame:1849569  453/s eps 546, 3536=  -21 u 1259 ploss -0.001 vloss 0.046 ent 1.789 kl -0.000 avg -20.4
0:ppo frame:1853535  473/s eps 547, 3966=  -20 u 1262 ploss -0.000 vloss 0.046 ent 1.789 kl -0.000 avg -20.5
0:ppo frame:1857950  483/s eps 548, 4415=  -19 u 1265 ploss -0.000 vloss 0.030 ent 1.790 kl -0.000 avg -20.4
0:ppo frame:1861557  504/s eps 549, 3607=  -20 u 1267 ploss -0.001 vloss 0.051 ent 1.791 kl -0.000 avg -20.4
0:ppo frame:1865721  479/s eps 550, 4164=  -19 u 1270 ploss -0.000 vloss 0.040 ent 1.790 kl -0.000 avg -20.3
0:ppo frame:1869137  448/s eps 551, 3416=  -21 u 1273 ploss -0.000 vloss 0.046 ent 1.786 kl 0.000 avg -20.3
0:ppo frame:1873012  472/s eps 552, 3875=  -21 u 1276 ploss -0.000 vloss 0.041 ent 1.789 kl -0.000 avg -20.3
0:ppo frame:1876180  480/s eps 553, 3168=  -21 u 1278 ploss -0.000 vloss 0.046 ent 1.789 kl -0.000 avg -20.3
0:ppo frame:1879476  483/s eps 554, 3296=  -21 u 1280 ploss -0.001 vloss 0.046 ent 1.783 kl -0.001 avg -20.4
0:ppo frame:1882776  492/s eps 555, 3300=  -21 u 1282 ploss -0.000 vloss 0.050 ent 1.776 kl -0.000 avg -20.4
0:ppo frame:1886072  486/s eps 556, 3296=  -21 u 1284 ploss -0.002 vloss 0.046 ent 1.740 kl 0.001 avg -20.4
0:ppo frame:1889128  475/s eps 557, 3056=  -21 u 1286 ploss -0.002 vloss 0.046 ent 1.728 kl 0.002 avg -20.5
0:ppo frame:1892184  475/s eps 558, 3056=  -21 u 1288 ploss -0.001 vloss 0.046 ent 1.730 kl 0.001 avg -20.5
0:ppo frame:1895240  475/s eps 559, 3056=  -21 u 1290 ploss -0.001 vloss 0.046 ent 1.773 kl 0.000 avg -20.5
0:ppo frame:1898296  475/s eps 560, 3056=  -21 u 1292 ploss -0.004 vloss 0.051 ent 1.769 kl 0.002 avg -20.5
0:ppo frame:1901352  475/s eps 561, 3056=  -21 u 1294 ploss -0.000 vloss 0.051 ent 1.752 kl 0.000 avg -20.6
0:ppo frame:1904408  473/s eps 562, 3056=  -21 u 1296 ploss -0.003 vloss 0.046 ent 1.715 kl -0.002 avg -20.6
0:ppo frame:1907464  471/s eps 563, 3056=  -21 u 1298 ploss -0.003 vloss 0.046 ent 1.637 kl 0.000 avg -20.6
0:ppo frame:1910520  470/s eps 564, 3056=  -21 u 1300 ploss -0.004 vloss 0.046 ent 1.464 kl 0.001 avg -20.6
0:ppo frame:1913576  471/s eps 565, 3056=  -21 u 1302 ploss -0.000 vloss 0.046 ent 1.432 kl 0.000 avg -20.7
0:ppo frame:1916632  474/s eps 566, 3056=  -21 u 1304 ploss -0.001 vloss 0.046 ent 1.555 kl 0.001 avg -20.7
0:ppo frame:1919688  479/s eps 567, 3056=  -21 u 1306 ploss -0.000 vloss 0.046 ent 1.562 kl 0.000 avg -20.7
0:ppo frame:1922744  471/s eps 568, 3056=  -21 u 1308 ploss -0.004 vloss 0.052 ent 1.655 kl -0.000 avg -20.7
0:ppo frame:1925800  471/s eps 569, 3056=  -21 u 1310 ploss -0.002 vloss 0.051 ent 1.685 kl 0.001 avg -20.7
0:ppo frame:1928856  476/s eps 570, 3056=  -21 u 1312 ploss -0.002 vloss 0.050 ent 1.629 kl -0.000 avg -20.7
0:ppo frame:1931912  471/s eps 571, 3056=  -21 u 1314 ploss -0.000 vloss 0.046 ent 1.532 kl 0.000 avg -20.7
0:ppo frame:1934968  473/s eps 572, 3056=  -21 u 1316 ploss -0.004 vloss 0.046 ent 1.571 kl 0.002 avg -20.8
0:ppo frame:1938024  472/s eps 573, 3056=  -21 u 1318 ploss -0.001 vloss 0.046 ent 1.531 kl 0.000 avg -20.8
0:ppo frame:1941080  471/s eps 574, 3056=  -21 u 1320 ploss -0.001 vloss 0.046 ent 1.627 kl 0.001 avg -20.8
0:ppo frame:1944136  470/s eps 575, 3056=  -21 u 1322 ploss -0.000 vloss 0.046 ent 1.630 kl -0.000 avg -20.8
0:ppo frame:1947192  443/s eps 576, 3056=  -21 u 1324 ploss -0.000 vloss 0.046 ent 1.654 kl 0.000 avg -20.8
0:ppo frame:1950248  435/s eps 577, 3056=  -21 u 1326 ploss -0.002 vloss 0.052 ent 1.665 kl 0.001 avg -20.8
0:ppo frame:1953304  436/s eps 578, 3056=  -21 u 1328 ploss -0.003 vloss 0.051 ent 1.599 kl 0.001 avg -20.8
0:ppo frame:1956360  435/s eps 579, 3056=  -21 u 1330 ploss -0.002 vloss 0.049 ent 1.599 kl 0.001 avg -20.8
0:ppo frame:1959416  435/s eps 580, 3056=  -21 u 1332 ploss -0.000 vloss 0.046 ent 1.629 kl 0.000 avg -20.9
0:ppo frame:1962472  434/s eps 581, 3056=  -21 u 1334 ploss -0.001 vloss 0.046 ent 1.603 kl -0.000 avg -20.9
0:ppo frame:1965528  435/s eps 582, 3056=  -21 u 1336 ploss -0.001 vloss 0.046 ent 1.573 kl -0.001 avg -20.9
0:ppo frame:1968584  437/s eps 583, 3056=  -21 u 1338 ploss 0.000 vloss 0.046 ent 1.595 kl -0.000 avg -21.0
0:ppo frame:1971640  436/s eps 584, 3056=  -21 u 1340 ploss -0.000 vloss 0.046 ent 1.560 kl 0.001 avg -21.0
0:ppo frame:1974696  437/s eps 585, 3056=  -21 u 1342 ploss -0.001 vloss 0.046 ent 1.647 kl 0.000 avg -21.0
0:ppo frame:1977752  452/s eps 586, 3056=  -21 u 1344 ploss -0.001 vloss 0.052 ent 1.698 kl 0.001 avg -21.0
0:ppo frame:1980808  436/s eps 587, 3056=  -21 u 1346 ploss -0.001 vloss 0.051 ent 1.665 kl 0.002 avg -21.0
0:ppo frame:1983864  437/s eps 588, 3056=  -21 u 1348 ploss -0.001 vloss 0.047 ent 1.694 kl -0.000 avg -21.0
0:ppo frame:1986920  437/s eps 589, 3056=  -21 u 1350 ploss -0.000 vloss 0.046 ent 1.734 kl -0.000 avg -21.0
0:ppo frame:1989976  460/s eps 590, 3056=  -21 u 1352 ploss -0.001 vloss 0.046 ent 1.697 kl 0.002 avg -21.0
0:ppo frame:1993032  478/s eps 591, 3056=  -21 u 1354 ploss -0.001 vloss 0.046 ent 1.659 kl 0.000 avg -21.0
0:ppo frame:1996088  457/s eps 592, 3056=  -21 u 1356 ploss -0.001 vloss 0.046 ent 1.642 kl 0.000 avg -21.0
0:ppo frame:1999144  437/s eps 593, 3056=  -21 u 1358 ploss -0.002 vloss 0.046 ent 1.702 kl 0.001 avg -21.0
Run complete: runs/ppo_pong_single_2M/pong_seed0_20260227_002551
Summary: {'frames': 2000000, 'episodes_completed': 594, 'last_episode_idx': 594, 'last_episode_return': -5.0, 'last_episode_length': 855, 'pulse_count': 594, 'boundary_cause_counts': {'game_over': 594}, 'reset_cause_counts': {'terminated': 594}, 'life_loss_pulses': 0, 'reset_count': 594, 'game_over_resets': 594, 'truncated_resets': 0, 'timeout_resets': 0, 'life_loss_resets': 0, 'decided_action_change_count': 1621388, 'decided_action_change_rate': 0.8106944053472027, 'applied_action_change_count': 1621388, 'applied_action_change_rate': 0.8106944053472027, 'decided_applied_mismatch_count': 0, 'decided_applied_mismatch_rate': 0.0, 'applied_action_hold_run_count': 1621389, 'applied_action_hold_run_mean': 1.2335102803830542, 'applied_action_hold_run_max': 16}
