/local/home/fdefokue/.venv/lib/python3.12/site-packages/torch/cuda/__init__.py:58: FutureWarning: The pynvml package is deprecated. Please install nvidia-ml-py instead. If you did not install pynvml directly, please report this to the maintainers of the package that installed pynvml for you.
  import pynvml  # type: ignore[import]
0:ppo frame:   3295  245/s eps   0, 3295=  -21 u 2 ploss -0.002 vloss 0.043 ent 1.768 kl 0.008 avg -999.0
0:ppo frame:   6599  262/s eps   1, 3304=  -21 u 4 ploss -0.002 vloss 0.047 ent 1.749 kl 0.007 avg -21.0
0:ppo frame:   9966  265/s eps   2, 3367=  -20 u 6 ploss -0.003 vloss 0.047 ent 1.770 kl 0.002 avg -21.0
0:ppo frame:  13134  260/s eps   3, 3168=  -21 u 8 ploss -0.001 vloss 0.046 ent 1.770 kl -0.000 avg -20.7
0:ppo frame:  16749  244/s eps   4, 3615=  -20 u 11 ploss -0.001 vloss 0.047 ent 1.752 kl 0.001 avg -20.8
0:ppo frame:  20231  270/s eps   5, 3482=  -20 u 13 ploss -0.004 vloss 0.046 ent 1.736 kl 0.000 avg -20.6
0:ppo frame:  23403  262/s eps   6, 3172=  -21 u 15 ploss -0.001 vloss 0.046 ent 1.686 kl 0.001 avg -20.5
0:ppo frame:  26774  238/s eps   7, 3371=  -20 u 18 ploss -0.007 vloss 0.046 ent 1.671 kl 0.003 avg -20.6
0:ppo frame:  30070  266/s eps   8, 3296=  -21 u 20 ploss -0.002 vloss 0.046 ent 1.682 kl 0.006 avg -20.5
0:ppo frame:  33789  277/s eps   9, 3719=  -20 u 22 ploss -0.003 vloss 0.041 ent 1.656 kl 0.003 avg -20.6
0:ppo frame:  37156  237/s eps  10, 3367=  -20 u 25 ploss 0.000 vloss 0.047 ent 1.719 kl -0.001 avg -20.5
0:ppo frame:  41119  255/s eps  11, 3963=  -20 u 28 ploss -0.001 vloss 0.053 ent 1.775 kl -0.001 avg -20.5
0:ppo frame:  44563  268/s eps  12, 3444=  -20 u 30 ploss -0.005 vloss 0.052 ent 1.748 kl -0.001 avg -20.4
0:ppo frame:  48579  257/s eps  13, 4016=  -21 u 33 ploss -0.005 vloss 0.046 ent 1.755 kl 0.003 avg -20.4
0:ppo frame:  51875  267/s eps  14, 3296=  -21 u 35 ploss -0.002 vloss 0.051 ent 1.740 kl 0.002 avg -20.4
0:ppo frame:  55245  265/s eps  15, 3370=  -20 u 37 ploss -0.001 vloss 0.052 ent 1.756 kl 0.001 avg -20.5
0:ppo frame:  58772  243/s eps  16, 3527=  -21 u 40 ploss -0.002 vloss 0.041 ent 1.778 kl 0.000 avg -20.4
0:ppo frame:  61940  261/s eps  17, 3168=  -21 u 42 ploss -0.001 vloss 0.046 ent 1.761 kl 0.001 avg -20.5
0:ppo frame:  65108  260/s eps  18, 3168=  -21 u 44 ploss -0.001 vloss 0.046 ent 1.781 kl 0.001 avg -20.5
0:ppo frame:  68475  267/s eps  19, 3367=  -20 u 46 ploss -0.000 vloss 0.046 ent 1.776 kl -0.000 avg -20.5
0:ppo frame:  72180  248/s eps  20, 3705=  -20 u 49 ploss -0.001 vloss 0.041 ent 1.774 kl -0.001 avg -20.5
0:ppo frame:  75956  249/s eps  21, 3776=  -21 u 52 ploss -0.000 vloss 0.035 ent 1.780 kl 0.000 avg -20.5
0:ppo frame:  79012  255/s eps  22, 3056=  -21 u 54 ploss -0.000 vloss 0.046 ent 1.783 kl 0.001 avg -20.5
0:ppo frame:  82806  275/s eps  23, 3794=  -19 u 56 ploss -0.001 vloss 0.041 ent 1.777 kl 0.000 avg -20.5
0:ppo frame:  85978  258/s eps  24, 3172=  -21 u 58 ploss -0.001 vloss 0.046 ent 1.782 kl 0.001 avg -20.5
0:ppo frame:  89034  255/s eps  25, 3056=  -21 u 60 ploss -0.001 vloss 0.052 ent 1.783 kl 0.000 avg -20.5
0:ppo frame:  92090  256/s eps  26, 3056=  -21 u 62 ploss -0.002 vloss 0.051 ent 1.773 kl 0.001 avg -20.5
0:ppo frame:  95988  253/s eps  27, 3898=  -21 u 65 ploss 0.000 vloss 0.036 ent 1.776 kl 0.000 avg -20.5
0:ppo frame:  99473  239/s eps  28, 3485=  -20 u 68 ploss -0.000 vloss 0.041 ent 1.779 kl 0.000 avg -20.5
0:ppo frame: 103260  276/s eps  29, 3787=  -20 u 70 ploss -0.001 vloss 0.040 ent 1.781 kl 0.000 avg -20.5
0:ppo frame: 106431  258/s eps  30, 3171=  -21 u 72 ploss -0.001 vloss 0.046 ent 1.778 kl 0.001 avg -20.5
0:ppo frame: 109727  233/s eps  31, 3296=  -21 u 75 ploss -0.001 vloss 0.046 ent 1.776 kl 0.001 avg -20.5
0:ppo frame: 113567  277/s eps  32, 3840=  -20 u 77 ploss -0.000 vloss 0.033 ent 1.779 kl 0.000 avg -20.5
0:ppo frame: 116871  234/s eps  33, 3304=  -21 u 80 ploss -0.000 vloss 0.042 ent 1.776 kl 0.000 avg -20.5
0:ppo frame: 120431  269/s eps  34, 3560=  -20 u 82 ploss -0.000 vloss 0.046 ent 1.783 kl -0.000 avg -20.5
0:ppo frame: 124264  251/s eps  35, 3833=  -20 u 85 ploss -0.000 vloss 0.047 ent 1.777 kl -0.000 avg -20.5
0:ppo frame: 128253  253/s eps  36, 3989=  -18 u 88 ploss -0.000 vloss 0.047 ent 1.778 kl 0.000 avg -20.5
0:ppo frame: 131384  260/s eps  37, 3131=  -21 u 90 ploss -0.001 vloss 0.046 ent 1.764 kl -0.001 avg -20.4
0:ppo frame: 134559  261/s eps  38, 3175=  -21 u 92 ploss 0.000 vloss 0.052 ent 1.748 kl -0.000 avg -20.4
0:ppo frame: 137926  266/s eps  39, 3367=  -20 u 94 ploss -0.000 vloss 0.046 ent 1.728 kl -0.000 avg -20.4
0:ppo frame: 141222  263/s eps  40, 3296=  -21 u 96 ploss -0.004 vloss 0.046 ent 1.754 kl 0.002 avg -20.4
0:ppo frame: 145130  250/s eps  41, 3908=  -20 u 99 ploss 0.000 vloss 0.052 ent 1.770 kl -0.000 avg -20.5
0:ppo frame: 148781  245/s eps  42, 3651=  -21 u 102 ploss -0.001 vloss 0.046 ent 1.769 kl 0.000 avg -20.5
0:ppo frame: 152561  278/s eps  43, 3780=  -21 u 104 ploss -0.000 vloss 0.036 ent 1.777 kl -0.001 avg -20.5
0:ppo frame: 155857  232/s eps  44, 3296=  -21 u 107 ploss -0.001 vloss 0.046 ent 1.767 kl 0.000 avg -20.5
0:ppo frame: 159454  271/s eps  45, 3597=  -21 u 109 ploss -0.001 vloss 0.052 ent 1.769 kl -0.000 avg -20.5
0:ppo frame: 162862  237/s eps  46, 3408=  -21 u 112 ploss -0.000 vloss 0.046 ent 1.775 kl 0.000 avg -20.5
0:ppo frame: 166581  273/s eps  47, 3719=  -20 u 114 ploss -0.001 vloss 0.046 ent 1.789 kl 0.001 avg -20.5
0:ppo frame: 170439  250/s eps  48, 3858=  -19 u 117 ploss -0.003 vloss 0.041 ent 1.775 kl 0.001 avg -20.5
0:ppo frame: 173684  263/s eps  49, 3245=  -21 u 119 ploss -0.000 vloss 0.046 ent 1.766 kl -0.000 avg -20.4
0:ppo frame: 176967  263/s eps  50, 3283=  -21 u 121 ploss -0.004 vloss 0.048 ent 1.758 kl -0.000 avg -20.5
0:ppo frame: 180135  259/s eps  51, 3168=  -21 u 123 ploss -0.002 vloss 0.046 ent 1.719 kl -0.001 avg -20.5
0:ppo frame: 183431  233/s eps  52, 3296=  -21 u 126 ploss -0.000 vloss 0.042 ent 1.762 kl 0.001 avg -20.5
0:ppo frame: 187040  270/s eps  53, 3609=  -20 u 128 ploss -0.000 vloss 0.047 ent 1.770 kl 0.000 avg -20.5
0:ppo frame: 190407  263/s eps  54, 3367=  -20 u 130 ploss -0.001 vloss 0.051 ent 1.779 kl 0.001 avg -20.5
0:ppo frame: 194003  238/s eps  55, 3596=  -20 u 133 ploss -0.002 vloss 0.043 ent 1.784 kl 0.001 avg -20.5
0:ppo frame: 197417  266/s eps  56, 3414=  -21 u 135 ploss -0.001 vloss 0.042 ent 1.783 kl 0.002 avg -20.4
0:ppo frame: 201325  243/s eps  57, 3908=  -20 u 138 ploss -0.001 vloss 0.047 ent 1.777 kl -0.001 avg -20.5
0:ppo frame: 204808  233/s eps  58, 3483=  -20 u 141 ploss -0.001 vloss 0.046 ent 1.785 kl 0.000 avg -20.5
0:ppo frame: 208598  274/s eps  59, 3790=  -20 u 143 ploss -0.000 vloss 0.046 ent 1.787 kl 0.001 avg -20.4
0:ppo frame: 211654  253/s eps  60, 3056=  -21 u 145 ploss -0.006 vloss 0.046 ent 1.739 kl 0.003 avg -20.4
0:ppo frame: 214710  254/s eps  61, 3056=  -21 u 147 ploss -0.004 vloss 0.052 ent 1.762 kl -0.000 avg -20.4
0:ppo frame: 217766  253/s eps  62, 3056=  -21 u 149 ploss 0.000 vloss 0.051 ent 1.779 kl -0.000 avg -20.4
0:ppo frame: 220822  250/s eps  63, 3056=  -21 u 151 ploss -0.001 vloss 0.050 ent 1.776 kl 0.001 avg -20.4
0:ppo frame: 223878  247/s eps  64, 3056=  -21 u 153 ploss -0.001 vloss 0.046 ent 1.759 kl 0.000 avg -20.5
0:ppo frame: 226934  244/s eps  65, 3056=  -21 u 155 ploss -0.001 vloss 0.046 ent 1.768 kl -0.000 avg -20.5
0:ppo frame: 229990  255/s eps  66, 3056=  -21 u 157 ploss -0.001 vloss 0.046 ent 1.756 kl 0.000 avg -20.5
0:ppo frame: 233160  256/s eps  67, 3170=  -21 u 159 ploss -0.001 vloss 0.046 ent 1.701 kl -0.000 avg -20.6
0:ppo frame: 236216  257/s eps  68, 3056=  -21 u 161 ploss 0.000 vloss 0.052 ent 1.745 kl 0.000 avg -20.6
0:ppo frame: 239272  252/s eps  69, 3056=  -21 u 163 ploss -0.000 vloss 0.051 ent 1.760 kl 0.000 avg -20.7
0:ppo frame: 242328  252/s eps  70, 3056=  -21 u 165 ploss -0.004 vloss 0.050 ent 1.720 kl 0.001 avg -20.7
0:ppo frame: 245384  231/s eps  71, 3056=  -21 u 167 ploss -0.001 vloss 0.046 ent 1.710 kl 0.000 avg -20.7
0:ppo frame: 248440  253/s eps  72, 3056=  -21 u 169 ploss -0.002 vloss 0.046 ent 1.715 kl -0.000 avg -20.7
0:ppo frame: 251496  252/s eps  73, 3056=  -21 u 171 ploss -0.000 vloss 0.046 ent 1.707 kl 0.001 avg -20.7
0:ppo frame: 254552  234/s eps  74, 3056=  -21 u 173 ploss -0.001 vloss 0.046 ent 1.671 kl 0.001 avg -20.7
0:ppo frame: 257608  253/s eps  75, 3056=  -21 u 175 ploss -0.002 vloss 0.046 ent 1.718 kl 0.001 avg -20.7
0:ppo frame: 260664  246/s eps  76, 3056=  -21 u 177 ploss -0.001 vloss 0.046 ent 1.695 kl 0.000 avg -20.7
0:ppo frame: 263720  253/s eps  77, 3056=  -21 u 179 ploss 0.000 vloss 0.052 ent 1.714 kl 0.000 avg -20.7
0:ppo frame: 266776  253/s eps  78, 3056=  -21 u 181 ploss -0.001 vloss 0.051 ent 1.722 kl 0.001 avg -20.7
0:ppo frame: 270072  258/s eps  79, 3296=  -21 u 183 ploss -0.001 vloss 0.039 ent 1.748 kl 0.001 avg -20.7
0:ppo frame: 274068  253/s eps  80, 3996=  -19 u 186 ploss -0.000 vloss 0.047 ent 1.765 kl 0.000 avg -20.8
0:ppo frame: 277978  248/s eps  81, 3910=  -19 u 189 ploss -0.005 vloss 0.046 ent 1.784 kl 0.003 avg -20.7
0:ppo frame: 281629  243/s eps  82, 3651=  -21 u 192 ploss -0.001 vloss 0.041 ent 1.775 kl -0.001 avg -20.7
0:ppo frame: 284925  260/s eps  83, 3296=  -21 u 194 ploss -0.002 vloss 0.051 ent 1.757 kl 0.001 avg -20.7
0:ppo frame: 288093  260/s eps  84, 3168=  -21 u 196 ploss -0.002 vloss 0.046 ent 1.760 kl 0.001 avg -20.7
0:ppo frame: 291373  257/s eps  85, 3280=  -21 u 198 ploss 0.000 vloss 0.041 ent 1.782 kl 0.000 avg -20.7
0:ppo frame: 294972  240/s eps  86, 3599=  -20 u 201 ploss -0.002 vloss 0.046 ent 1.787 kl 0.000 avg -20.7
0:ppo frame: 298028  252/s eps  87, 3056=  -21 u 203 ploss -0.002 vloss 0.046 ent 1.780 kl -0.000 avg -20.7
0:ppo frame: 302025  279/s eps  88, 3997=  -19 u 205 ploss -0.002 vloss 0.046 ent 1.765 kl 0.002 avg -20.8
0:ppo frame: 305563  238/s eps  89, 3538=  -21 u 208 ploss -0.000 vloss 0.031 ent 1.762 kl -0.000 avg -20.7
0:ppo frame: 308859  258/s eps  90, 3296=  -21 u 210 ploss -0.000 vloss 0.041 ent 1.765 kl -0.000 avg -20.7
0:ppo frame: 312371  238/s eps  91, 3512=  -20 u 213 ploss -0.001 vloss 0.046 ent 1.754 kl 0.001 avg -20.8
0:ppo frame: 315667  257/s eps  92, 3296=  -21 u 215 ploss -0.001 vloss 0.052 ent 1.744 kl 0.001 avg -20.7
0:ppo frame: 319417  271/s eps  93, 3750=  -21 u 217 ploss -0.000 vloss 0.046 ent 1.745 kl 0.000 avg -20.7
0:ppo frame: 322713  232/s eps  94, 3296=  -21 u 220 ploss -0.002 vloss 0.046 ent 1.734 kl 0.000 avg -20.7
0:ppo frame: 326367  268/s eps  95, 3654=  -21 u 222 ploss -0.001 vloss 0.046 ent 1.719 kl 0.000 avg -20.7
0:ppo frame: 329535  255/s eps  96, 3168=  -21 u 224 ploss -0.000 vloss 0.052 ent 1.715 kl 0.001 avg -20.7
0:ppo frame: 332591  252/s eps  97, 3056=  -21 u 226 ploss -0.003 vloss 0.051 ent 1.767 kl -0.001 avg -20.7
0:ppo frame: 335871  257/s eps  98, 3280=  -21 u 228 ploss -0.001 vloss 0.038 ent 1.777 kl 0.000 avg -20.7
0:ppo frame: 339282  233/s eps  99, 3411=  -21 u 231 ploss -0.002 vloss 0.038 ent 1.750 kl 0.004 avg -20.7
0:ppo frame: 342649  262/s eps 100, 3367=  -20 u 233 ploss -0.002 vloss 0.047 ent 1.750 kl 0.003 avg -20.7
0:ppo frame: 346022  261/s eps 101, 3373=  -20 u 235 ploss -0.005 vloss 0.046 ent 1.734 kl 0.005 avg -20.7
0:ppo frame: 349326  232/s eps 102, 3304=  -21 u 238 ploss -0.002 vloss 0.046 ent 1.709 kl 0.001 avg -20.7
0:ppo frame: 353648  259/s eps 103, 4322=  -20 u 241 ploss -0.001 vloss 0.047 ent 1.760 kl -0.000 avg -20.7
0:ppo frame: 357490  237/s eps 104, 3842=  -20 u 244 ploss -0.000 vloss 0.051 ent 1.746 kl 0.000 avg -20.6
0:ppo frame: 360906  262/s eps 105, 3416=  -21 u 246 ploss -0.003 vloss 0.046 ent 1.744 kl -0.000 avg -20.6
0:ppo frame: 364272  263/s eps 106, 3366=  -21 u 248 ploss -0.001 vloss 0.041 ent 1.733 kl -0.000 avg -20.6
0:ppo frame: 368884  243/s eps 107, 4612=  -20 u 252 ploss -0.001 vloss 0.041 ent 1.783 kl -0.000 avg -20.6
0:ppo frame: 372292  260/s eps 108, 3408=  -21 u 254 ploss -0.001 vloss 0.041 ent 1.767 kl -0.001 avg -20.5
0:ppo frame: 375662  262/s eps 109, 3370=  -20 u 256 ploss -0.002 vloss 0.046 ent 1.749 kl 0.001 avg -20.6
0:ppo frame: 379032  233/s eps 110, 3370=  -20 u 259 ploss -0.001 vloss 0.046 ent 1.748 kl 0.001 avg -20.6
0:ppo frame: 382399  264/s eps 111, 3367=  -20 u 261 ploss -0.001 vloss 0.046 ent 1.748 kl -0.000 avg -20.6
0:ppo frame: 385772  262/s eps 112, 3373=  -20 u 263 ploss -0.002 vloss 0.046 ent 1.765 kl 0.003 avg -20.6
0:ppo frame: 389068  260/s eps 113, 3296=  -21 u 265 ploss -0.001 vloss 0.052 ent 1.780 kl 0.000 avg -20.6
0:ppo frame: 392364  233/s eps 114, 3296=  -21 u 268 ploss -0.001 vloss 0.046 ent 1.765 kl 0.000 avg -20.5
0:ppo frame: 396018  255/s eps 115, 3654=  -21 u 270 ploss -0.000 vloss 0.046 ent 1.774 kl 0.000 avg -20.6
0:ppo frame: 399385  235/s eps 116, 3367=  -20 u 273 ploss -0.000 vloss 0.046 ent 1.778 kl -0.000 avg -20.6
0:ppo frame: 403169  274/s eps 117, 3784=  -21 u 275 ploss -0.001 vloss 0.041 ent 1.783 kl -0.000 avg -20.6
0:ppo frame: 406577  219/s eps 118, 3408=  -21 u 278 ploss -0.000 vloss 0.046 ent 1.780 kl 0.000 avg -20.6
0:ppo frame: 410302  274/s eps 119, 3725=  -20 u 280 ploss -0.002 vloss 0.040 ent 1.786 kl -0.001 avg -20.6
0:ppo frame: 413838  241/s eps 120, 3536=  -21 u 283 ploss -0.000 vloss 0.046 ent 1.789 kl 0.000 avg -20.6
0:ppo frame: 417374  246/s eps 121, 3536=  -21 u 285 ploss -0.000 vloss 0.041 ent 1.778 kl 0.000 avg -20.6
0:ppo frame: 420670  259/s eps 122, 3296=  -21 u 287 ploss -0.001 vloss 0.052 ent 1.766 kl 0.000 avg -20.6
0:ppo frame: 424261  238/s eps 123, 3591=  -20 u 290 ploss -0.001 vloss 0.041 ent 1.753 kl 0.000 avg -20.6
0:ppo frame: 427317  249/s eps 124, 3056=  -21 u 292 ploss -0.003 vloss 0.046 ent 1.760 kl 0.003 avg -20.6
0:ppo frame: 430373  250/s eps 125, 3056=  -21 u 294 ploss -0.001 vloss 0.046 ent 1.739 kl 0.000 avg -20.6
0:ppo frame: 433429  251/s eps 126, 3056=  -21 u 296 ploss -0.000 vloss 0.052 ent 1.744 kl -0.001 avg -20.6
0:ppo frame: 436796  260/s eps 127, 3367=  -20 u 298 ploss -0.005 vloss 0.046 ent 1.674 kl 0.003 avg -20.6
0:ppo frame: 439852  250/s eps 128, 3056=  -21 u 300 ploss -0.001 vloss 0.052 ent 1.653 kl 0.000 avg -20.6
0:ppo frame: 442908  251/s eps 129, 3056=  -21 u 302 ploss -0.002 vloss 0.051 ent 1.704 kl -0.001 avg -20.6
0:ppo frame: 445964  251/s eps 130, 3056=  -21 u 304 ploss -0.001 vloss 0.050 ent 1.733 kl 0.001 avg -20.6
0:ppo frame: 449020  252/s eps 131, 3056=  -21 u 306 ploss -0.001 vloss 0.046 ent 1.730 kl 0.000 avg -20.6
0:ppo frame: 452076  251/s eps 132, 3056=  -21 u 308 ploss -0.001 vloss 0.046 ent 1.742 kl 0.001 avg -20.6
0:ppo frame: 455132  251/s eps 133, 3056=  -21 u 310 ploss -0.001 vloss 0.046 ent 1.754 kl 0.000 avg -20.7
0:ppo frame: 458188  252/s eps 134, 3056=  -21 u 312 ploss -0.001 vloss 0.046 ent 1.775 kl -0.000 avg -20.7
0:ppo frame: 461356  255/s eps 135, 3168=  -21 u 314 ploss -0.000 vloss 0.052 ent 1.782 kl 0.001 avg -20.7
0:ppo frame: 464412  249/s eps 136, 3056=  -21 u 316 ploss -0.000 vloss 0.051 ent 1.759 kl 0.000 avg -20.7
0:ppo frame: 467468  253/s eps 137, 3056=  -21 u 318 ploss -0.003 vloss 0.050 ent 1.748 kl 0.002 avg -20.7
0:ppo frame: 470524  254/s eps 138, 3056=  -21 u 320 ploss -0.000 vloss 0.046 ent 1.762 kl 0.000 avg -20.7
0:ppo frame: 473580  252/s eps 139, 3056=  -21 u 322 ploss -0.002 vloss 0.046 ent 1.763 kl 0.000 avg -20.7
0:ppo frame: 476636  252/s eps 140, 3056=  -21 u 324 ploss -0.001 vloss 0.046 ent 1.775 kl 0.000 avg -20.8
0:ppo frame: 479692  237/s eps 141, 3056=  -21 u 326 ploss -0.001 vloss 0.046 ent 1.781 kl 0.000 avg -20.8
0:ppo frame: 482748  256/s eps 142, 3056=  -21 u 328 ploss -0.001 vloss 0.046 ent 1.768 kl 0.001 avg -20.8
0:ppo frame: 485804  256/s eps 143, 3056=  -21 u 330 ploss -0.001 vloss 0.046 ent 1.783 kl -0.000 avg -20.8
0:ppo frame: 488860  255/s eps 144, 3056=  -21 u 332 ploss -0.000 vloss 0.052 ent 1.783 kl 0.000 avg -20.9
0:ppo frame: 491916  256/s eps 145, 3056=  -21 u 334 ploss -0.000 vloss 0.051 ent 1.787 kl -0.000 avg -20.9
0:ppo frame: 494972  247/s eps 146, 3056=  -21 u 336 ploss -0.000 vloss 0.049 ent 1.788 kl -0.000 avg -20.9
0:ppo frame: 498028  245/s eps 147, 3056=  -21 u 338 ploss -0.001 vloss 0.046 ent 1.788 kl 0.000 avg -20.9
0:ppo frame: 501379  255/s eps 148, 3351=  -20 u 340 ploss -0.001 vloss 0.046 ent 1.787 kl -0.000 avg -20.9
0:ppo frame: 504435  250/s eps 149, 3056=  -21 u 342 ploss -0.002 vloss 0.046 ent 1.781 kl 0.002 avg -20.9
0:ppo frame: 507491  234/s eps 150, 3056=  -21 u 344 ploss -0.001 vloss 0.046 ent 1.772 kl 0.000 avg -20.9
0:ppo frame: 511499  250/s eps 151, 4008=  -21 u 347 ploss -0.002 vloss 0.030 ent 1.779 kl -0.000 avg -20.9
0:ppo frame: 514866  263/s eps 152, 3367=  -20 u 349 ploss -0.001 vloss 0.047 ent 1.752 kl 0.000 avg -20.9
0:ppo frame: 518402  229/s eps 153, 3536=  -21 u 352 ploss -0.001 vloss 0.051 ent 1.761 kl -0.000 avg -20.9
0:ppo frame: 521702  243/s eps 154, 3300=  -21 u 354 ploss -0.000 vloss 0.046 ent 1.775 kl -0.001 avg -20.9
0:ppo frame: 525118  243/s eps 155, 3416=  -21 u 356 ploss -0.001 vloss 0.052 ent 1.770 kl 0.000 avg -20.9
0:ppo frame: 528485  231/s eps 156, 3367=  -20 u 359 ploss -0.001 vloss 0.049 ent 1.765 kl 0.000 avg -20.9
0:ppo frame: 532095  268/s eps 157, 3610=  -20 u 361 ploss 0.000 vloss 0.046 ent 1.762 kl 0.000 avg -20.9
0:ppo frame: 535469  262/s eps 158, 3374=  -20 u 363 ploss -0.003 vloss 0.049 ent 1.735 kl 0.000 avg -20.8
0:ppo frame: 538836  231/s eps 159, 3367=  -20 u 366 ploss -0.003 vloss 0.046 ent 1.694 kl -0.000 avg -20.8
0:ppo frame: 542136  259/s eps 160, 3300=  -21 u 368 ploss 0.000 vloss 0.046 ent 1.705 kl 0.000 avg -20.8
0:ppo frame: 545432  258/s eps 161, 3296=  -21 u 370 ploss -0.001 vloss 0.050 ent 1.672 kl 0.001 avg -20.8
0:ppo frame: 548799  261/s eps 162, 3367=  -20 u 372 ploss -0.002 vloss 0.051 ent 1.728 kl 0.002 avg -20.8
0:ppo frame: 553118  237/s eps 163, 4319=  -20 u 376 ploss -0.002 vloss 0.035 ent 1.741 kl 0.000 avg -20.8
0:ppo frame: 556286  255/s eps 164, 3168=  -21 u 378 ploss -0.002 vloss 0.051 ent 1.718 kl 0.000 avg -20.7
0:ppo frame: 560062  271/s eps 165, 3776=  -21 u 380 ploss -0.000 vloss 0.051 ent 1.714 kl 0.000 avg -20.7
0:ppo frame: 563429  229/s eps 166, 3367=  -20 u 383 ploss -0.001 vloss 0.046 ent 1.738 kl -0.001 avg -20.7
0:ppo frame: 566889  262/s eps 167, 3460=  -20 u 385 ploss -0.001 vloss 0.046 ent 1.735 kl 0.000 avg -20.7
0:ppo frame: 570185  257/s eps 168, 3296=  -21 u 387 ploss -0.000 vloss 0.046 ent 1.707 kl 0.000 avg -20.7
0:ppo frame: 573537  231/s eps 169, 3352=  -20 u 390 ploss -0.001 vloss 0.047 ent 1.716 kl 0.000 avg -20.7
0:ppo frame: 576907  261/s eps 170, 3370=  -20 u 392 ploss -0.000 vloss 0.051 ent 1.716 kl 0.000 avg -20.6
0:ppo frame: 580075  255/s eps 171, 3168=  -21 u 394 ploss -0.002 vloss 0.046 ent 1.749 kl 0.000 avg -20.6
0:ppo frame: 583538  261/s eps 172, 3463=  -20 u 396 ploss -0.000 vloss 0.046 ent 1.747 kl -0.000 avg -20.6
0:ppo frame: 586911  235/s eps 173, 3373=  -20 u 399 ploss -0.001 vloss 0.046 ent 1.727 kl -0.000 avg -20.6
0:ppo frame: 590215  256/s eps 174, 3304=  -21 u 401 ploss -0.003 vloss 0.051 ent 1.718 kl 0.001 avg -20.5
0:ppo frame: 593678  261/s eps 175, 3463=  -20 u 403 ploss -0.001 vloss 0.047 ent 1.672 kl 0.000 avg -20.5
0:ppo frame: 597048  231/s eps 176, 3370=  -20 u 406 ploss -0.002 vloss 0.046 ent 1.673 kl -0.000 avg -20.5
0:ppo frame: 600421  262/s eps 177, 3373=  -20 u 408 ploss -0.003 vloss 0.046 ent 1.650 kl 0.002 avg -20.4
0:ppo frame: 603717  261/s eps 178, 3296=  -21 u 410 ploss -0.001 vloss 0.046 ent 1.643 kl 0.001 avg -20.4
0:ppo frame: 607013  240/s eps 179, 3296=  -21 u 412 ploss -0.001 vloss 0.050 ent 1.666 kl 0.001 avg -20.4
0:ppo frame: 610386  232/s eps 180, 3373=  -20 u 415 ploss -0.001 vloss 0.046 ent 1.684 kl 0.000 avg -20.4
0:ppo frame: 613794  262/s eps 181, 3408=  -21 u 417 ploss -0.002 vloss 0.052 ent 1.652 kl 0.001 avg -20.4
0:ppo frame: 617082  238/s eps 182, 3288=  -21 u 419 ploss -0.001 vloss 0.046 ent 1.729 kl 0.001 avg -20.4
0:ppo frame: 620378  258/s eps 183, 3296=  -21 u 421 ploss -0.001 vloss 0.046 ent 1.725 kl 0.000 avg -20.4
0:ppo frame: 623665  229/s eps 184, 3287=  -21 u 424 ploss -0.001 vloss 0.046 ent 1.750 kl -0.000 avg -20.4
0:ppo frame: 626793  253/s eps 185, 3128=  -21 u 426 ploss -0.002 vloss 0.050 ent 1.761 kl 0.001 avg -20.4
0:ppo frame: 630160  261/s eps 186, 3367=  -20 u 428 ploss -0.002 vloss 0.051 ent 1.763 kl 0.003 avg -20.5
0:ppo frame: 633328  239/s eps 187, 3168=  -21 u 430 ploss -0.000 vloss 0.046 ent 1.772 kl -0.000 avg -20.5
0:ppo frame: 636701  261/s eps 188, 3373=  -20 u 432 ploss -0.001 vloss 0.047 ent 1.771 kl -0.000 avg -20.5
0:ppo frame: 639997  259/s eps 189, 3296=  -21 u 434 ploss -0.001 vloss 0.046 ent 1.759 kl -0.000 avg -20.5
0:ppo frame: 643364  221/s eps 190, 3367=  -20 u 437 ploss -0.001 vloss 0.046 ent 1.777 kl -0.000 avg -20.5
0:ppo frame: 646982  247/s eps 191, 3618=  -20 u 439 ploss -0.001 vloss 0.052 ent 1.783 kl 0.000 avg -20.5
0:ppo frame: 650278  230/s eps 192, 3296=  -21 u 442 ploss -0.001 vloss 0.046 ent 1.788 kl 0.001 avg -20.5
0:ppo frame: 653885  268/s eps 193, 3607=  -20 u 444 ploss -0.002 vloss 0.046 ent 1.780 kl 0.000 avg -20.5
0:ppo frame: 657421  225/s eps 194, 3536=  -21 u 447 ploss -0.002 vloss 0.046 ent 1.783 kl 0.001 avg -20.5
0:ppo frame: 660795  264/s eps 195, 3374=  -20 u 449 ploss -0.000 vloss 0.046 ent 1.788 kl 0.000 avg -20.5
0:ppo frame: 664331  267/s eps 196, 3536=  -21 u 451 ploss -0.002 vloss 0.046 ent 1.785 kl -0.001 avg -20.5
0:ppo frame: 667942  221/s eps 197, 3611=  -20 u 454 ploss -0.001 vloss 0.035 ent 1.775 kl 0.000 avg -20.5
0:ppo frame: 671425  264/s eps 198, 3483=  -21 u 456 ploss -0.001 vloss 0.030 ent 1.761 kl -0.000 avg -20.5
0:ppo frame: 674481  250/s eps 199, 3056=  -21 u 458 ploss -0.008 vloss 0.052 ent 1.763 kl 0.006 avg -20.5
0:ppo frame: 677848  245/s eps 200, 3367=  -20 u 460 ploss -0.001 vloss 0.046 ent 1.739 kl 0.001 avg -20.5
0:ppo frame: 681403  235/s eps 201, 3555=  -20 u 463 ploss -0.004 vloss 0.041 ent 1.712 kl 0.000 avg -20.5
0:ppo frame: 684939  264/s eps 202, 3536=  -21 u 465 ploss -0.002 vloss 0.046 ent 1.692 kl 0.006 avg -20.5
0:ppo frame: 688550  221/s eps 203, 3611=  -20 u 468 ploss -0.001 vloss 0.046 ent 1.749 kl 0.001 avg -20.6
0:ppo frame: 691846  238/s eps 204, 3296=  -21 u 470 ploss -0.001 vloss 0.046 ent 1.758 kl -0.001 avg -20.5
0:ppo frame: 695668  229/s eps 205, 3822=  -19 u 473 ploss -0.003 vloss 0.047 ent 1.691 kl -0.001 avg -20.6
0:ppo frame: 698724  254/s eps 206, 3056=  -21 u 475 ploss -0.003 vloss 0.046 ent 1.723 kl 0.000 avg -20.5
0:ppo frame: 702268  268/s eps 207, 3544=  -21 u 477 ploss -0.001 vloss 0.046 ent 1.748 kl -0.000 avg -20.6
0:ppo frame: 706540  248/s eps 208, 4272=  -19 u 480 ploss -0.004 vloss 0.041 ent 1.691 kl 0.001 avg -20.6
0:ppo frame: 709836  216/s eps 209, 3296=  -21 u 483 ploss -0.001 vloss 0.046 ent 1.694 kl 0.000 avg -20.5
0:ppo frame: 713203  261/s eps 210, 3367=  -20 u 485 ploss -0.002 vloss 0.047 ent 1.695 kl 0.000 avg -20.5
0:ppo frame: 716910  243/s eps 211, 3707=  -20 u 488 ploss -0.002 vloss 0.051 ent 1.731 kl 0.001 avg -20.5
0:ppo frame: 720862  261/s eps 212, 3952=  -19 u 490 ploss -0.002 vloss 0.040 ent 1.734 kl -0.002 avg -20.4
0:ppo frame: 723918  254/s eps 213, 3056=  -21 u 492 ploss -0.001 vloss 0.052 ent 1.712 kl 0.000 avg -20.4
0:ppo frame: 726974  255/s eps 214, 3056=  -21 u 494 ploss -0.001 vloss 0.051 ent 1.750 kl 0.001 avg -20.4
0:ppo frame: 730030  232/s eps 215, 3056=  -21 u 496 ploss -0.005 vloss 0.050 ent 1.667 kl -0.001 avg -20.4
0:ppo frame: 733086  254/s eps 216, 3056=  -21 u 498 ploss -0.000 vloss 0.046 ent 1.676 kl 0.001 avg -20.4
0:ppo frame: 736142  256/s eps 217, 3056=  -21 u 500 ploss -0.002 vloss 0.046 ent 1.732 kl -0.000 avg -20.4
0:ppo frame: 739198  232/s eps 218, 3056=  -21 u 502 ploss -0.001 vloss 0.046 ent 1.756 kl 0.001 avg -20.4
0:ppo frame: 742254  252/s eps 219, 3056=  -21 u 504 ploss -0.000 vloss 0.046 ent 1.768 kl 0.001 avg -20.4
0:ppo frame: 745310  253/s eps 220, 3056=  -21 u 506 ploss -0.001 vloss 0.046 ent 1.766 kl -0.001 avg -20.5
0:ppo frame: 748366  234/s eps 221, 3056=  -21 u 508 ploss -0.000 vloss 0.046 ent 1.773 kl -0.000 avg -20.5
0:ppo frame: 751422  231/s eps 222, 3056=  -21 u 510 ploss -0.000 vloss 0.052 ent 1.772 kl -0.000 avg -20.5
0:ppo frame: 754794  216/s eps 223, 3372=  -21 u 513 ploss -0.001 vloss 0.050 ent 1.779 kl 0.000 avg -20.6
0:ppo frame: 757850  229/s eps 224, 3056=  -21 u 515 ploss -0.000 vloss 0.046 ent 1.782 kl -0.000 avg -20.6
0:ppo frame: 760906  229/s eps 225, 3056=  -21 u 517 ploss -0.001 vloss 0.046 ent 1.775 kl -0.000 avg -20.6
0:ppo frame: 763962  230/s eps 226, 3056=  -21 u 519 ploss -0.000 vloss 0.046 ent 1.784 kl 0.000 avg -20.6
0:ppo frame: 767018  252/s eps 227, 3056=  -21 u 521 ploss -0.000 vloss 0.046 ent 1.781 kl 0.000 avg -20.6
0:ppo frame: 770074  252/s eps 228, 3056=  -21 u 523 ploss -0.000 vloss 0.046 ent 1.782 kl -0.000 avg -20.6
0:ppo frame: 773130  237/s eps 229, 3056=  -21 u 525 ploss -0.000 vloss 0.046 ent 1.781 kl 0.000 avg -20.6
0:ppo frame: 776186  265/s eps 230, 3056=  -21 u 526 ploss -0.000 vloss 0.044 ent 1.783 kl -0.000 avg -20.6
0:ppo frame: 779242  231/s eps 231, 3056=  -21 u 528 ploss -0.001 vloss 0.046 ent 1.778 kl 0.000 avg -20.7
0:ppo frame: 782298  251/s eps 232, 3056=  -21 u 530 ploss -0.001 vloss 0.046 ent 1.755 kl 0.000 avg -20.7
0:ppo frame: 785354  251/s eps 233, 3056=  -21 u 532 ploss -0.000 vloss 0.052 ent 1.754 kl 0.001 avg -20.7
0:ppo frame: 788410  251/s eps 234, 3056=  -21 u 534 ploss -0.002 vloss 0.051 ent 1.745 kl 0.001 avg -20.7
0:ppo frame: 791466  252/s eps 235, 3056=  -21 u 536 ploss -0.001 vloss 0.048 ent 1.755 kl -0.001 avg -20.7
0:ppo frame: 794522  230/s eps 236, 3056=  -21 u 538 ploss -0.000 vloss 0.046 ent 1.759 kl 0.000 avg -20.7
0:ppo frame: 797578  231/s eps 237, 3056=  -21 u 540 ploss -0.000 vloss 0.046 ent 1.750 kl -0.000 avg -20.8
0:ppo frame: 800634  252/s eps 238, 3056=  -21 u 542 ploss -0.001 vloss 0.046 ent 1.724 kl 0.001 avg -20.8
0:ppo frame: 803690  257/s eps 239, 3056=  -21 u 544 ploss -0.001 vloss 0.046 ent 1.739 kl 0.000 avg -20.8
0:ppo frame: 806990  233/s eps 240, 3300=  -21 u 547 ploss -0.000 vloss 0.046 ent 1.764 kl -0.001 avg -20.8
0:ppo frame: 810046  246/s eps 241, 3056=  -21 u 549 ploss -0.000 vloss 0.046 ent 1.746 kl -0.000 avg -20.9
0:ppo frame: 813102  254/s eps 242, 3056=  -21 u 551 ploss -0.001 vloss 0.046 ent 1.752 kl 0.001 avg -20.9
0:ppo frame: 816158  252/s eps 243, 3056=  -21 u 553 ploss -0.000 vloss 0.046 ent 1.742 kl 0.000 avg -20.9
0:ppo frame: 819214  249/s eps 244, 3056=  -21 u 555 ploss -0.001 vloss 0.046 ent 1.749 kl 0.000 avg -20.9
0:ppo frame: 822270  289/s eps 245, 3056=  -21 u 556 ploss -0.002 vloss 0.044 ent 1.715 kl 0.000 avg -21.0
0:ppo frame: 825326  251/s eps 246, 3056=  -21 u 558 ploss 0.000 vloss 0.046 ent 1.706 kl -0.000 avg -21.0
0:ppo frame: 828382  251/s eps 247, 3056=  -21 u 560 ploss -0.000 vloss 0.046 ent 1.669 kl 0.000 avg -21.0
0:ppo frame: 831438  250/s eps 248, 3056=  -21 u 562 ploss -0.002 vloss 0.052 ent 1.723 kl 0.001 avg -21.0
0:ppo frame: 834494  254/s eps 249, 3056=  -21 u 564 ploss -0.002 vloss 0.051 ent 1.700 kl 0.000 avg -21.0
0:ppo frame: 837550  251/s eps 250, 3056=  -21 u 566 ploss -0.001 vloss 0.049 ent 1.715 kl 0.000 avg -21.0
0:ppo frame: 840606  253/s eps 251, 3056=  -21 u 568 ploss -0.000 vloss 0.046 ent 1.733 kl 0.001 avg -21.0
0:ppo frame: 843662  233/s eps 252, 3056=  -21 u 570 ploss -0.001 vloss 0.046 ent 1.743 kl 0.001 avg -21.0
0:ppo frame: 846718  251/s eps 253, 3056=  -21 u 572 ploss -0.002 vloss 0.046 ent 1.770 kl 0.000 avg -21.0
0:ppo frame: 849774  251/s eps 254, 3056=  -21 u 574 ploss -0.000 vloss 0.046 ent 1.776 kl -0.000 avg -21.0
0:ppo frame: 852830  234/s eps 255, 3056=  -21 u 576 ploss -0.001 vloss 0.046 ent 1.779 kl 0.000 avg -21.0
0:ppo frame: 856238  235/s eps 256, 3408=  -21 u 579 ploss -0.001 vloss 0.034 ent 1.776 kl 0.000 avg -21.0
0:ppo frame: 859845  269/s eps 257, 3607=  -20 u 581 ploss -0.000 vloss 0.046 ent 1.775 kl 0.000 avg -21.0
0:ppo frame: 863381  230/s eps 258, 3536=  -21 u 584 ploss -0.001 vloss 0.035 ent 1.776 kl -0.001 avg -21.0
0:ppo frame: 866437  254/s eps 259, 3056=  -21 u 586 ploss -0.000 vloss 0.052 ent 1.779 kl -0.000 avg -21.0
0:ppo frame: 869493  254/s eps 260, 3056=  -21 u 588 ploss -0.000 vloss 0.051 ent 1.775 kl 0.000 avg -21.0
0:ppo frame: 872549  241/s eps 261, 3056=  -21 u 590 ploss -0.000 vloss 0.049 ent 1.761 kl 0.000 avg -21.0
0:ppo frame: 875605  253/s eps 262, 3056=  -21 u 592 ploss -0.001 vloss 0.046 ent 1.772 kl 0.000 avg -21.0
0:ppo frame: 878661  254/s eps 263, 3056=  -21 u 594 ploss -0.000 vloss 0.046 ent 1.781 kl -0.001 avg -21.0
0:ppo frame: 881717  239/s eps 264, 3056=  -21 u 596 ploss -0.001 vloss 0.046 ent 1.777 kl 0.000 avg -21.0
0:ppo frame: 884773  254/s eps 265, 3056=  -21 u 598 ploss -0.001 vloss 0.046 ent 1.768 kl 0.001 avg -21.0
0:ppo frame: 887829  253/s eps 266, 3056=  -21 u 600 ploss -0.003 vloss 0.046 ent 1.748 kl 0.000 avg -21.0
0:ppo frame: 890885  234/s eps 267, 3056=  -21 u 602 ploss -0.001 vloss 0.046 ent 1.733 kl 0.001 avg -21.0
0:ppo frame: 893941  292/s eps 268, 3056=  -21 u 603 ploss -0.002 vloss 0.044 ent 1.737 kl 0.000 avg -21.0
0:ppo frame: 896997  252/s eps 269, 3056=  -21 u 605 ploss -0.002 vloss 0.046 ent 1.733 kl 0.001 avg -21.0
0:ppo frame: 900053  236/s eps 270, 3056=  -21 u 607 ploss -0.002 vloss 0.046 ent 1.757 kl 0.000 avg -21.0
0:ppo frame: 903109  225/s eps 271, 3056=  -21 u 609 ploss -0.001 vloss 0.051 ent 1.766 kl -0.000 avg -21.0
0:ppo frame: 906165  218/s eps 272, 3056=  -21 u 611 ploss -0.001 vloss 0.051 ent 1.764 kl 0.000 avg -21.0
0:ppo frame: 909221  221/s eps 273, 3056=  -21 u 613 ploss -0.001 vloss 0.046 ent 1.764 kl -0.000 avg -21.0
0:ppo frame: 912277  224/s eps 274, 3056=  -21 u 615 ploss -0.000 vloss 0.046 ent 1.762 kl 0.000 avg -21.0
0:ppo frame: 915451  252/s eps 275, 3174=  -21 u 617 ploss -0.001 vloss 0.046 ent 1.768 kl 0.000 avg -21.0
0:ppo frame: 918507  249/s eps 276, 3056=  -21 u 619 ploss -0.001 vloss 0.046 ent 1.766 kl 0.001 avg -21.0
0:ppo frame: 921563  229/s eps 277, 3056=  -21 u 621 ploss -0.000 vloss 0.046 ent 1.765 kl 0.000 avg -21.0
0:ppo frame: 924619  249/s eps 278, 3056=  -21 u 623 ploss -0.001 vloss 0.052 ent 1.770 kl 0.001 avg -21.0
0:ppo frame: 927675  251/s eps 279, 3056=  -21 u 625 ploss -0.002 vloss 0.051 ent 1.774 kl -0.000 avg -21.0
0:ppo frame: 930731  234/s eps 280, 3056=  -21 u 627 ploss -0.000 vloss 0.048 ent 1.769 kl -0.000 avg -21.0
0:ppo frame: 933787  253/s eps 281, 3056=  -21 u 629 ploss -0.001 vloss 0.046 ent 1.764 kl 0.000 avg -21.0
0:ppo frame: 936843  256/s eps 282, 3056=  -21 u 631 ploss -0.000 vloss 0.046 ent 1.768 kl 0.001 avg -21.0
0:ppo frame: 939899  235/s eps 283, 3056=  -21 u 633 ploss -0.001 vloss 0.046 ent 1.774 kl 0.001 avg -21.0
0:ppo frame: 942955  253/s eps 284, 3056=  -21 u 635 ploss -0.002 vloss 0.046 ent 1.771 kl -0.001 avg -21.0
0:ppo frame: 946123  257/s eps 285, 3168=  -21 u 637 ploss -0.001 vloss 0.046 ent 1.780 kl 0.001 avg -21.0
0:ppo frame: 949419  221/s eps 286, 3296=  -21 u 640 ploss -0.000 vloss 0.041 ent 1.778 kl 0.000 avg -21.0
0:ppo frame: 953078  272/s eps 287, 3659=  -21 u 642 ploss -0.001 vloss 0.036 ent 1.780 kl 0.000 avg -21.0
0:ppo frame: 956210  258/s eps 288, 3132=  -21 u 644 ploss -0.000 vloss 0.046 ent 1.780 kl -0.001 avg -21.0
0:ppo frame: 959956  228/s eps 289, 3746=  -19 u 647 ploss -0.000 vloss 0.046 ent 1.778 kl -0.000 avg -21.0
0:ppo frame: 963252  257/s eps 290, 3296=  -21 u 649 ploss -0.002 vloss 0.042 ent 1.765 kl -0.001 avg -20.9
0:ppo frame: 967325  249/s eps 291, 4073=  -20 u 652 ploss -0.000 vloss 0.042 ent 1.777 kl 0.000 avg -20.9
0:ppo frame: 970621  244/s eps 292, 3296=  -21 u 654 ploss -0.001 vloss 0.046 ent 1.779 kl 0.000 avg -20.9
0:ppo frame: 974435  225/s eps 293, 3814=  -19 u 657 ploss -0.001 vloss 0.046 ent 1.778 kl -0.001 avg -20.9
0:ppo frame: 977603  251/s eps 294, 3168=  -21 u 659 ploss -0.001 vloss 0.046 ent 1.776 kl 0.000 avg -20.8
0:ppo frame: 981126  240/s eps 295, 3523=  -21 u 662 ploss -0.000 vloss 0.041 ent 1.782 kl 0.000 avg -20.8
0:ppo frame: 984493  246/s eps 296, 3367=  -20 u 664 ploss -0.001 vloss 0.046 ent 1.783 kl -0.000 avg -20.8
0:ppo frame: 988696  240/s eps 297, 4203=  -20 u 667 ploss -0.000 vloss 0.047 ent 1.780 kl 0.001 avg -20.8
0:ppo frame: 991992  259/s eps 298, 3296=  -21 u 669 ploss -0.001 vloss 0.046 ent 1.775 kl 0.001 avg -20.8
0:ppo frame: 995719  244/s eps 299, 3727=  -20 u 672 ploss -0.000 vloss 0.051 ent 1.771 kl 0.000 avg -20.8
0:ppo frame: 999322  245/s eps 300, 3603=  -21 u 674 ploss -0.001 vloss 0.051 ent 1.785 kl 0.000 avg -20.7
0:ppo frame:1003041  243/s eps 301, 3719=  -20 u 677 ploss -0.001 vloss 0.052 ent 1.781 kl 0.000 avg -20.7
0:ppo frame:1006455  265/s eps 302, 3414=  -21 u 679 ploss -0.001 vloss 0.046 ent 1.779 kl -0.000 avg -20.7
0:ppo frame:1010398  237/s eps 303, 3943=  -20 u 682 ploss -0.001 vloss 0.046 ent 1.782 kl 0.000 avg -20.7
0:ppo frame:1013454  231/s eps 304, 3056=  -21 u 684 ploss -0.000 vloss 0.046 ent 1.787 kl 0.000 avg -20.7
0:ppo frame:1016510  229/s eps 305, 3056=  -21 u 686 ploss -0.000 vloss 0.046 ent 1.784 kl -0.000 avg -20.7
0:ppo frame:1019566  252/s eps 306, 3056=  -21 u 688 ploss -0.001 vloss 0.051 ent 1.784 kl -0.000 avg -20.7
0:ppo frame:1023051  236/s eps 307, 3485=  -20 u 691 ploss 0.000 vloss 0.046 ent 1.786 kl -0.000 avg -20.7
0:ppo frame:1026347  258/s eps 308, 3296=  -21 u 693 ploss -0.000 vloss 0.041 ent 1.777 kl 0.000 avg -20.6
0:ppo frame:1029643  265/s eps 309, 3296=  -21 u 695 ploss -0.001 vloss 0.046 ent 1.760 kl 0.000 avg -20.6
0:ppo frame:1033105  264/s eps 310, 3462=  -20 u 697 ploss -0.002 vloss 0.049 ent 1.770 kl -0.000 avg -20.6
0:ppo frame:1036401  230/s eps 311, 3296=  -21 u 700 ploss -0.000 vloss 0.051 ent 1.771 kl 0.001 avg -20.6
0:ppo frame:1039457  250/s eps 312, 3056=  -21 u 702 ploss -0.002 vloss 0.047 ent 1.777 kl -0.001 avg -20.6
0:ppo frame:1042513  252/s eps 313, 3056=  -21 u 704 ploss -0.001 vloss 0.046 ent 1.776 kl 0.000 avg -20.6
0:ppo frame:1045569  248/s eps 314, 3056=  -21 u 706 ploss -0.001 vloss 0.046 ent 1.767 kl 0.001 avg -20.6
0:ppo frame:1049367  269/s eps 315, 3798=  -20 u 708 ploss -0.001 vloss 0.046 ent 1.736 kl -0.001 avg -20.6
0:ppo frame:1052737  229/s eps 316, 3370=  -20 u 711 ploss -0.001 vloss 0.046 ent 1.747 kl -0.000 avg -20.6
0:ppo frame:1055868  252/s eps 317, 3131=  -21 u 713 ploss -0.001 vloss 0.051 ent 1.739 kl -0.000 avg -20.5
0:ppo frame:1059462  266/s eps 318, 3594=  -20 u 715 ploss -0.007 vloss 0.046 ent 1.654 kl 0.005 avg -20.5
0:ppo frame:1062829  261/s eps 319, 3367=  -20 u 717 ploss -0.004 vloss 0.049 ent 1.571 kl 0.004 avg -20.6
0:ppo frame:1066125  231/s eps 320, 3296=  -21 u 720 ploss -0.000 vloss 0.046 ent 1.713 kl -0.000 avg -20.5
0:ppo frame:1070237  253/s eps 321, 4112=  -21 u 723 ploss -0.002 vloss 0.046 ent 1.734 kl -0.000 avg -20.6
0:ppo frame:1073648  259/s eps 322, 3411=  -21 u 725 ploss -0.000 vloss 0.046 ent 1.744 kl 0.000 avg -20.6
0:ppo frame:1076948  251/s eps 323, 3300=  -21 u 727 ploss -0.001 vloss 0.041 ent 1.696 kl 0.001 avg -20.6
0:ppo frame:1080004  249/s eps 324, 3056=  -21 u 729 ploss -0.000 vloss 0.046 ent 1.748 kl 0.000 avg -20.6
0:ppo frame:1083060  249/s eps 325, 3056=  -21 u 731 ploss -0.001 vloss 0.052 ent 1.752 kl -0.000 avg -20.6
0:ppo frame:1086228  256/s eps 326, 3168=  -21 u 733 ploss -0.001 vloss 0.046 ent 1.757 kl -0.001 avg -20.7
0:ppo frame:1089876  239/s eps 327, 3648=  -21 u 736 ploss -0.001 vloss 0.030 ent 1.724 kl 0.001 avg -20.7
0:ppo frame:1092932  251/s eps 328, 3056=  -21 u 738 ploss -0.001 vloss 0.046 ent 1.758 kl 0.000 avg -20.7
0:ppo frame:1096228  260/s eps 329, 3296=  -21 u 740 ploss -0.000 vloss 0.046 ent 1.778 kl -0.000 avg -20.7
0:ppo frame:1099284  234/s eps 330, 3056=  -21 u 742 ploss -0.000 vloss 0.051 ent 1.772 kl 0.000 avg -20.7
0:ppo frame:1102340  250/s eps 331, 3056=  -21 u 744 ploss 0.000 vloss 0.047 ent 1.770 kl -0.000 avg -20.7
0:ppo frame:1105396  249/s eps 332, 3056=  -21 u 746 ploss -0.000 vloss 0.046 ent 1.748 kl -0.000 avg -20.8
0:ppo frame:1108875  237/s eps 333, 3479=  -20 u 748 ploss -0.002 vloss 0.047 ent 1.780 kl 0.001 avg -20.8
0:ppo frame:1112267  220/s eps 334, 3392=  -21 u 751 ploss -0.001 vloss 0.041 ent 1.779 kl 0.000 avg -20.8
0:ppo frame:1115615  246/s eps 335, 3348=  -20 u 753 ploss -0.000 vloss 0.041 ent 1.779 kl 0.000 avg -20.8
0:ppo frame:1118915  234/s eps 336, 3300=  -21 u 755 ploss -0.001 vloss 0.046 ent 1.786 kl -0.000 avg -20.7
0:ppo frame:1122286  257/s eps 337, 3371=  -20 u 757 ploss -0.001 vloss 0.046 ent 1.785 kl -0.000 avg -20.7
0:ppo frame:1126245  246/s eps 338, 3959=  -20 u 760 ploss -0.002 vloss 0.039 ent 1.777 kl 0.001 avg -20.7
0:ppo frame:1129413  250/s eps 339, 3168=  -21 u 762 ploss -0.000 vloss 0.052 ent 1.776 kl 0.000 avg -20.7
0:ppo frame:1133020  239/s eps 340, 3607=  -20 u 765 ploss -0.002 vloss 0.046 ent 1.775 kl 0.001 avg -20.7
0:ppo frame:1136499  245/s eps 341, 3479=  -20 u 767 ploss 0.000 vloss 0.047 ent 1.768 kl -0.000 avg -20.7
0:ppo frame:1139627  255/s eps 342, 3128=  -21 u 769 ploss -0.001 vloss 0.048 ent 1.772 kl 0.000 avg -20.7
0:ppo frame:1142795  222/s eps 343, 3168=  -21 u 772 ploss -0.001 vloss 0.046 ent 1.759 kl 0.000 avg -20.7
0:ppo frame:1146315  261/s eps 344, 3520=  -21 u 774 ploss -0.000 vloss 0.046 ent 1.764 kl 0.000 avg -20.7
0:ppo frame:1149486  252/s eps 345, 3171=  -21 u 776 ploss -0.001 vloss 0.052 ent 1.756 kl 0.001 avg -20.7
0:ppo frame:1152948  241/s eps 346, 3462=  -20 u 778 ploss -0.001 vloss 0.051 ent 1.739 kl -0.000 avg -20.7
0:ppo frame:1156319  230/s eps 347, 3371=  -20 u 781 ploss 0.000 vloss 0.046 ent 1.728 kl 0.000 avg -20.7
0:ppo frame:1160091  270/s eps 348, 3772=  -21 u 783 ploss -0.002 vloss 0.046 ent 1.706 kl 0.001 avg -20.7
0:ppo frame:1163259  230/s eps 349, 3168=  -21 u 785 ploss -0.001 vloss 0.046 ent 1.735 kl 0.000 avg -20.7
0:ppo frame:1166609  219/s eps 350, 3350=  -20 u 788 ploss -0.001 vloss 0.054 ent 1.752 kl 0.001 avg -20.7
0:ppo frame:1169777  241/s eps 351, 3168=  -21 u 790 ploss -0.000 vloss 0.046 ent 1.765 kl -0.000 avg -20.7
0:ppo frame:1173425  244/s eps 352, 3648=  -21 u 792 ploss -0.002 vloss 0.041 ent 1.765 kl -0.001 avg -20.7
0:ppo frame:1176705  222/s eps 353, 3280=  -21 u 795 ploss -0.000 vloss 0.047 ent 1.757 kl 0.000 avg -20.7
0:ppo frame:1180056  259/s eps 354, 3351=  -20 u 797 ploss -0.001 vloss 0.052 ent 1.730 kl 0.001 avg -20.7
0:ppo frame:1183224  254/s eps 355, 3168=  -21 u 799 ploss -0.001 vloss 0.046 ent 1.719 kl -0.000 avg -20.7
0:ppo frame:1186635  262/s eps 356, 3411=  -21 u 801 ploss -0.000 vloss 0.046 ent 1.729 kl 0.000 avg -20.7
0:ppo frame:1190043  234/s eps 357, 3408=  -21 u 804 ploss -0.000 vloss 0.041 ent 1.689 kl 0.001 avg -20.7
0:ppo frame:1193459  264/s eps 358, 3416=  -21 u 806 ploss -0.002 vloss 0.046 ent 1.690 kl 0.000 avg -20.7
0:ppo frame:1196755  258/s eps 359, 3296=  -21 u 808 ploss -0.001 vloss 0.046 ent 1.706 kl 0.000 avg -20.7
0:ppo frame:1200559  248/s eps 360, 3804=  -19 u 811 ploss -0.000 vloss 0.041 ent 1.732 kl 0.000 avg -20.7
0:ppo frame:1203687  253/s eps 361, 3128=  -21 u 813 ploss -0.000 vloss 0.046 ent 1.743 kl -0.001 avg -20.6
0:ppo frame:1207037  262/s eps 362, 3350=  -20 u 815 ploss -0.001 vloss 0.046 ent 1.729 kl 0.001 avg -20.6
0:ppo frame:1210650  241/s eps 363, 3613=  -20 u 818 ploss -0.001 vloss 0.046 ent 1.713 kl 0.000 avg -20.6
0:ppo frame:1214337  255/s eps 364, 3687=  -20 u 820 ploss -0.002 vloss 0.040 ent 1.719 kl 0.001 avg -20.6
0:ppo frame:1217819  220/s eps 365, 3482=  -20 u 823 ploss -0.002 vloss 0.046 ent 1.718 kl 0.001 avg -20.6
0:ppo frame:1221099  241/s eps 366, 3280=  -21 u 825 ploss -0.002 vloss 0.043 ent 1.729 kl -0.000 avg -20.5
0:ppo frame:1224155  252/s eps 367, 3056=  -21 u 827 ploss -0.001 vloss 0.046 ent 1.690 kl 0.001 avg -20.6
0:ppo frame:1227563  262/s eps 368, 3408=  -21 u 829 ploss -0.000 vloss 0.051 ent 1.692 kl 0.000 avg -20.6
0:ppo frame:1231043  225/s eps 369, 3480=  -21 u 832 ploss -0.001 vloss 0.046 ent 1.719 kl 0.000 avg -20.6
0:ppo frame:1234323  238/s eps 370, 3280=  -21 u 834 ploss 0.000 vloss 0.051 ent 1.731 kl -0.000 avg -20.6
0:ppo frame:1237979  269/s eps 371, 3656=  -21 u 836 ploss -0.001 vloss 0.046 ent 1.731 kl 0.001 avg -20.6
0:ppo frame:1241704  244/s eps 372, 3725=  -21 u 839 ploss -0.001 vloss 0.051 ent 1.710 kl 0.000 avg -20.7
0:ppo frame:1246280  232/s eps 373, 4576=  -17 u 843 ploss -0.000 vloss 0.046 ent 1.671 kl -0.000 avg -20.7
0:ppo frame:1250253  260/s eps 374, 3973=  -19 u 845 ploss -0.001 vloss 0.040 ent 1.717 kl -0.001 avg -20.5
0:ppo frame:1253964  226/s eps 375, 3711=  -21 u 848 ploss -0.000 vloss 0.046 ent 1.714 kl -0.000 avg -20.4
0:ppo frame:1257331  263/s eps 376, 3367=  -20 u 850 ploss -0.000 vloss 0.046 ent 1.699 kl -0.000 avg -20.5
0:ppo frame:1261530  258/s eps 377, 4199=  -20 u 853 ploss -0.000 vloss 0.040 ent 1.726 kl 0.001 avg -20.5
0:ppo frame:1265009  224/s eps 378, 3479=  -20 u 856 ploss -0.001 vloss 0.040 ent 1.701 kl 0.001 avg -20.4
0:ppo frame:1268065  232/s eps 379, 3056=  -21 u 858 ploss -0.001 vloss 0.046 ent 1.689 kl 0.001 avg -20.4
0:ppo frame:1272057  234/s eps 380, 3992=  -21 u 861 ploss -0.000 vloss 0.041 ent 1.697 kl 0.000 avg -20.4
0:ppo frame:1275113  232/s eps 381, 3056=  -21 u 863 ploss -0.000 vloss 0.046 ent 1.706 kl -0.000 avg -20.4
0:ppo frame:1278660  247/s eps 382, 3547=  -20 u 865 ploss -0.000 vloss 0.046 ent 1.697 kl 0.000 avg -20.4
0:ppo frame:1281716  230/s eps 383, 3056=  -21 u 867 ploss -0.002 vloss 0.052 ent 1.606 kl -0.000 avg -20.4
0:ppo frame:1285252  240/s eps 384, 3536=  -21 u 870 ploss -0.002 vloss 0.052 ent 1.646 kl 0.001 avg -20.4
0:ppo frame:1288308  252/s eps 385, 3056=  -21 u 872 ploss -0.001 vloss 0.051 ent 1.685 kl 0.000 avg -20.4
0:ppo frame:1291787  251/s eps 386, 3479=  -20 u 874 ploss -0.001 vloss 0.044 ent 1.733 kl 0.000 avg -20.4
0:ppo frame:1294843  233/s eps 387, 3056=  -21 u 876 ploss -0.000 vloss 0.046 ent 1.709 kl 0.000 avg -20.4
0:ppo frame:1297899  231/s eps 388, 3056=  -21 u 878 ploss -0.001 vloss 0.046 ent 1.712 kl -0.001 avg -20.4
0:ppo frame:1301247  241/s eps 389, 3348=  -20 u 880 ploss -0.000 vloss 0.047 ent 1.677 kl 0.000 avg -20.4
0:ppo frame:1304415  255/s eps 390, 3168=  -21 u 882 ploss -0.001 vloss 0.046 ent 1.704 kl -0.002 avg -20.4
0:ppo frame:1308175  245/s eps 391, 3760=  -21 u 885 ploss -0.004 vloss 0.041 ent 1.707 kl 0.001 avg -20.5
0:ppo frame:1311966  233/s eps 392, 3791=  -20 u 888 ploss -0.002 vloss 0.046 ent 1.604 kl 0.001 avg -20.5
0:ppo frame:1315134  233/s eps 393, 3168=  -21 u 890 ploss -0.001 vloss 0.046 ent 1.555 kl -0.000 avg -20.5
0:ppo frame:1318302  235/s eps 394, 3168=  -21 u 892 ploss -0.001 vloss 0.052 ent 1.613 kl -0.000 avg -20.5
0:ppo frame:1321470  236/s eps 395, 3168=  -21 u 894 ploss -0.001 vloss 0.046 ent 1.633 kl 0.000 avg -20.6
0:ppo frame:1324766  238/s eps 396, 3296=  -21 u 896 ploss -0.003 vloss 0.046 ent 1.672 kl -0.000 avg -20.6
0:ppo frame:1328140  220/s eps 397, 3374=  -20 u 899 ploss -0.002 vloss 0.046 ent 1.681 kl 0.001 avg -20.5
0:ppo frame:1331436  261/s eps 398, 3296=  -21 u 901 ploss -0.001 vloss 0.047 ent 1.689 kl 0.001 avg -20.5
0:ppo frame:1334567  257/s eps 399, 3131=  -21 u 903 ploss -0.001 vloss 0.046 ent 1.699 kl 0.000 avg -20.5
0:ppo frame:1337934  248/s eps 400, 3367=  -20 u 905 ploss -0.002 vloss 0.046 ent 1.714 kl -0.000 avg -20.5
0:ppo frame:1341234  241/s eps 401, 3300=  -21 u 907 ploss -0.001 vloss 0.051 ent 1.719 kl -0.000 avg -20.5
0:ppo frame:1344642  218/s eps 402, 3408=  -21 u 910 ploss -0.000 vloss 0.052 ent 1.711 kl -0.000 avg -20.5
0:ppo frame:1348868  257/s eps 403, 4226=  -19 u 913 ploss -0.004 vloss 0.052 ent 1.694 kl -0.001 avg -20.6
0:ppo frame:1352164  258/s eps 404, 3296=  -21 u 915 ploss -0.001 vloss 0.046 ent 1.680 kl 0.001 avg -20.6
0:ppo frame:1355332  243/s eps 405, 3168=  -21 u 917 ploss 0.000 vloss 0.046 ent 1.697 kl -0.000 avg -20.6
0:ppo frame:1359413  234/s eps 406, 4081=  -19 u 920 ploss -0.002 vloss 0.046 ent 1.638 kl 0.002 avg -20.7
0:ppo frame:1362581  235/s eps 407, 3168=  -21 u 922 ploss -0.001 vloss 0.049 ent 1.609 kl 0.002 avg -20.6
0:ppo frame:1365954  238/s eps 408, 3373=  -20 u 924 ploss -0.003 vloss 0.051 ent 1.459 kl 0.002 avg -20.6
0:ppo frame:1369321  235/s eps 409, 3367=  -20 u 927 ploss -0.008 vloss 0.046 ent 1.656 kl 0.002 avg -20.6
0:ppo frame:1372617  263/s eps 410, 3296=  -21 u 929 ploss -0.001 vloss 0.046 ent 1.677 kl 0.001 avg -20.6
0:ppo frame:1376029  246/s eps 411, 3412=  -21 u 931 ploss -0.000 vloss 0.047 ent 1.711 kl 0.000 avg -20.6
0:ppo frame:1379514  233/s eps 412, 3485=  -20 u 934 ploss -0.001 vloss 0.046 ent 1.759 kl 0.000 avg -20.6
0:ppo frame:1382881  257/s eps 413, 3367=  -20 u 936 ploss -0.000 vloss 0.046 ent 1.754 kl 0.000 avg -20.6
0:ppo frame:1386360  263/s eps 414, 3479=  -20 u 938 ploss -0.001 vloss 0.046 ent 1.767 kl 0.001 avg -20.6
0:ppo frame:1389806  234/s eps 415, 3446=  -20 u 941 ploss -0.001 vloss 0.048 ent 1.765 kl 0.000 avg -20.5
0:ppo frame:1393179  244/s eps 416, 3373=  -20 u 943 ploss -0.000 vloss 0.051 ent 1.758 kl 0.000 avg -20.5
0:ppo frame:1396776  242/s eps 417, 3597=  -20 u 946 ploss -0.001 vloss 0.046 ent 1.740 kl -0.000 avg -20.5
0:ppo frame:1400080  260/s eps 418, 3304=  -21 u 948 ploss 0.000 vloss 0.052 ent 1.735 kl 0.000 avg -20.4
0:ppo frame:1403213  239/s eps 419, 3133=  -21 u 950 ploss -0.003 vloss 0.046 ent 1.745 kl 0.001 avg -20.5
0:ppo frame:1406381  253/s eps 420, 3168=  -21 u 952 ploss -0.001 vloss 0.046 ent 1.730 kl 0.001 avg -20.5
0:ppo frame:1409999  267/s eps 421, 3618=  -20 u 954 ploss -0.003 vloss 0.052 ent 1.712 kl 0.000 avg -20.5
0:ppo frame:1413295  228/s eps 422, 3296=  -21 u 957 ploss -0.002 vloss 0.046 ent 1.703 kl -0.001 avg -20.5
0:ppo frame:1416774  263/s eps 423, 3479=  -20 u 959 ploss -0.001 vloss 0.046 ent 1.728 kl 0.001 avg -20.5
0:ppo frame:1420414  227/s eps 424, 3640=  -21 u 962 ploss -0.002 vloss 0.051 ent 1.714 kl 0.000 avg -20.4
0:ppo frame:1423710  259/s eps 425, 3296=  -21 u 964 ploss -0.001 vloss 0.046 ent 1.736 kl 0.001 avg -20.4
0:ppo frame:1426841  253/s eps 426, 3131=  -21 u 966 ploss -0.001 vloss 0.047 ent 1.730 kl 0.000 avg -20.4
0:ppo frame:1430137  245/s eps 427, 3296=  -21 u 968 ploss -0.001 vloss 0.046 ent 1.729 kl 0.000 avg -20.5
0:ppo frame:1433548  242/s eps 428, 3411=  -21 u 970 ploss -0.001 vloss 0.047 ent 1.736 kl 0.000 avg -20.5
0:ppo frame:1436844  230/s eps 429, 3296=  -21 u 973 ploss -0.000 vloss 0.046 ent 1.763 kl 0.000 avg -20.5
0:ppo frame:1440569  272/s eps 430, 3725=  -20 u 975 ploss -0.000 vloss 0.051 ent 1.778 kl -0.000 avg -20.5
0:ppo frame:1444116  237/s eps 431, 3547=  -20 u 978 ploss -0.000 vloss 0.047 ent 1.783 kl 0.000 avg -20.5
0:ppo frame:1447487  260/s eps 432, 3371=  -20 u 980 ploss -0.001 vloss 0.046 ent 1.783 kl -0.000 avg -20.4
0:ppo frame:1450618  237/s eps 433, 3131=  -21 u 982 ploss -0.000 vloss 0.046 ent 1.784 kl -0.000 avg -20.5
0:ppo frame:1454102  236/s eps 434, 3484=  -20 u 985 ploss -0.001 vloss 0.046 ent 1.789 kl 0.000 avg -20.5
0:ppo frame:1457788  272/s eps 435, 3686=  -19 u 987 ploss -0.001 vloss 0.046 ent 1.786 kl 0.000 avg -20.4
0:ppo frame:1460956  248/s eps 436, 3168=  -21 u 989 ploss -0.000 vloss 0.046 ent 1.785 kl -0.000 avg -20.4
0:ppo frame:1465356  226/s eps 437, 4400=  -19 u 993 ploss -0.000 vloss 0.034 ent 1.778 kl 0.000 avg -20.4
0:ppo frame:1469747  243/s eps 438, 4391=  -19 u 996 ploss -0.001 vloss 0.041 ent 1.780 kl -0.000 avg -20.4
0:ppo frame:1473605  230/s eps 439, 3858=  -19 u 999 ploss -0.000 vloss 0.043 ent 1.775 kl -0.001 avg -20.4
0:ppo frame:1477008  262/s eps 440, 3403=  -21 u 1001 ploss -0.002 vloss 0.052 ent 1.776 kl -0.000 avg -20.3
0:ppo frame:1480064  253/s eps 441, 3056=  -21 u 1003 ploss -0.002 vloss 0.050 ent 1.770 kl 0.000 avg -20.3
0:ppo frame:1484004  231/s eps 442, 3940=  -20 u 1006 ploss -0.001 vloss 0.035 ent 1.759 kl 0.001 avg -20.4
0:ppo frame:1487179  235/s eps 443, 3175=  -21 u 1008 ploss -0.001 vloss 0.046 ent 1.774 kl 0.000 avg -20.3
0:ppo frame:1490546  263/s eps 444, 3367=  -20 u 1010 ploss -0.002 vloss 0.046 ent 1.755 kl -0.001 avg -20.4
0:ppo frame:1494025  237/s eps 445, 3479=  -20 u 1013 ploss -0.002 vloss 0.046 ent 1.752 kl 0.001 avg -20.4
0:ppo frame:1497081  271/s eps 446, 3056=  -21 u 1014 ploss -0.001 vloss 0.044 ent 1.755 kl 0.001 avg -20.4
0:ppo frame:1500873  228/s eps 447, 3792=  -19 u 1017 ploss -0.000 vloss 0.043 ent 1.761 kl 0.000 avg -20.4
0:ppo frame:1504664  246/s eps 448, 3791=  -20 u 1020 ploss -0.001 vloss 0.040 ent 1.774 kl 0.000 avg -20.3
0:ppo frame:1507720  253/s eps 449, 3056=  -21 u 1022 ploss -0.001 vloss 0.051 ent 1.776 kl 0.000 avg -20.3
0:ppo frame:1510776  254/s eps 450, 3056=  -21 u 1024 ploss -0.000 vloss 0.047 ent 1.778 kl 0.000 avg -20.3
0:ppo frame:1513832  254/s eps 451, 3056=  -21 u 1026 ploss -0.000 vloss 0.046 ent 1.776 kl -0.000 avg -20.3
0:ppo frame:1516888  235/s eps 452, 3056=  -21 u 1028 ploss -0.000 vloss 0.046 ent 1.778 kl -0.000 avg -20.3
0:ppo frame:1519944  251/s eps 453, 3056=  -21 u 1030 ploss -0.000 vloss 0.046 ent 1.773 kl -0.000 avg -20.4
0:ppo frame:1523000  252/s eps 454, 3056=  -21 u 1032 ploss -0.000 vloss 0.046 ent 1.777 kl 0.000 avg -20.4
0:ppo frame:1526300  239/s eps 455, 3300=  -21 u 1034 ploss -0.000 vloss 0.051 ent 1.778 kl 0.000 avg -20.4
0:ppo frame:1529356  243/s eps 456, 3056=  -21 u 1036 ploss -0.000 vloss 0.050 ent 1.783 kl 0.000 avg -20.4
0:ppo frame:1532412  235/s eps 457, 3056=  -21 u 1038 ploss -0.000 vloss 0.046 ent 1.781 kl 0.000 avg -20.4
0:ppo frame:1535468  237/s eps 458, 3056=  -21 u 1040 ploss -0.001 vloss 0.046 ent 1.783 kl 0.000 avg -20.4
0:ppo frame:1538524  237/s eps 459, 3056=  -21 u 1042 ploss -0.000 vloss 0.046 ent 1.781 kl -0.000 avg -20.4
0:ppo frame:1542112  245/s eps 460, 3588=  -20 u 1044 ploss -0.000 vloss 0.047 ent 1.779 kl 0.000 avg -20.4
0:ppo frame:1545168  255/s eps 461, 3056=  -21 u 1046 ploss -0.000 vloss 0.052 ent 1.780 kl -0.000 avg -20.4
0:ppo frame:1548759  242/s eps 462, 3591=  -20 u 1049 ploss -0.000 vloss 0.047 ent 1.782 kl 0.000 avg -20.4
0:ppo frame:1551815  239/s eps 463, 3056=  -21 u 1051 ploss -0.001 vloss 0.046 ent 1.781 kl 0.000 avg -20.4
0:ppo frame:1554871  232/s eps 464, 3056=  -21 u 1053 ploss -0.000 vloss 0.046 ent 1.776 kl -0.000 avg -20.4
0:ppo frame:1557927  253/s eps 465, 3056=  -21 u 1055 ploss -0.000 vloss 0.046 ent 1.771 kl -0.000 avg -20.5
0:ppo frame:1560983  251/s eps 466, 3056=  -21 u 1057 ploss -0.001 vloss 0.051 ent 1.769 kl -0.001 avg -20.5
0:ppo frame:1564530  268/s eps 467, 3547=  -20 u 1059 ploss -0.001 vloss 0.046 ent 1.770 kl 0.000 avg -20.5
0:ppo frame:1567586  251/s eps 468, 3056=  -21 u 1061 ploss -0.000 vloss 0.046 ent 1.768 kl 0.000 avg -20.6
0:ppo frame:1571272  230/s eps 469, 3686=  -19 u 1064 ploss -0.001 vloss 0.047 ent 1.773 kl 0.000 avg -20.6
0:ppo frame:1574328  252/s eps 470, 3056=  -21 u 1066 ploss -0.001 vloss 0.046 ent 1.778 kl -0.000 avg -20.6
0:ppo frame:1577384  253/s eps 471, 3056=  -21 u 1068 ploss -0.000 vloss 0.046 ent 1.782 kl 0.000 avg -20.6
0:ppo frame:1580792  247/s eps 472, 3408=  -21 u 1070 ploss -0.000 vloss 0.052 ent 1.783 kl 0.000 avg -20.6
0:ppo frame:1584200  235/s eps 473, 3408=  -21 u 1073 ploss -0.000 vloss 0.046 ent 1.787 kl -0.000 avg -20.6
0:ppo frame:1587256  254/s eps 474, 3056=  -21 u 1075 ploss -0.000 vloss 0.046 ent 1.785 kl -0.000 avg -20.7
0:ppo frame:1590312  232/s eps 475, 3056=  -21 u 1077 ploss -0.001 vloss 0.046 ent 1.785 kl 0.000 avg -20.7
0:ppo frame:1593608  237/s eps 476, 3296=  -21 u 1079 ploss -0.001 vloss 0.051 ent 1.787 kl 0.000 avg -20.7
0:ppo frame:1596664  254/s eps 477, 3056=  -21 u 1081 ploss -0.000 vloss 0.051 ent 1.789 kl -0.000 avg -20.7
0:ppo frame:1599944  263/s eps 478, 3280=  -21 u 1083 ploss -0.001 vloss 0.046 ent 1.787 kl -0.000 avg -20.7
0:ppo frame:1603000  240/s eps 479, 3056=  -21 u 1085 ploss -0.001 vloss 0.046 ent 1.785 kl 0.000 avg -20.8
0:ppo frame:1606056  232/s eps 480, 3056=  -21 u 1087 ploss -0.001 vloss 0.046 ent 1.785 kl 0.000 avg -20.8
0:ppo frame:1609112  232/s eps 481, 3056=  -21 u 1089 ploss -0.000 vloss 0.052 ent 1.783 kl -0.000 avg -20.8
0:ppo frame:1612168  253/s eps 482, 3056=  -21 u 1091 ploss -0.001 vloss 0.051 ent 1.782 kl -0.000 avg -20.8
0:ppo frame:1615224  255/s eps 483, 3056=  -21 u 1093 ploss -0.000 vloss 0.047 ent 1.781 kl -0.000 avg -20.8
0:ppo frame:1618280  249/s eps 484, 3056=  -21 u 1095 ploss -0.000 vloss 0.046 ent 1.780 kl 0.000 avg -20.8
0:ppo frame:1621336  254/s eps 485, 3056=  -21 u 1097 ploss -0.000 vloss 0.046 ent 1.779 kl 0.000 avg -20.8
0:ppo frame:1624392  254/s eps 486, 3056=  -21 u 1099 ploss -0.000 vloss 0.046 ent 1.778 kl 0.000 avg -20.8
0:ppo frame:1627448  250/s eps 487, 3056=  -21 u 1101 ploss -0.000 vloss 0.046 ent 1.778 kl 0.000 avg -20.8
0:ppo frame:1630504  251/s eps 488, 3056=  -21 u 1103 ploss -0.000 vloss 0.046 ent 1.774 kl 0.000 avg -20.8
0:ppo frame:1633560  252/s eps 489, 3056=  -21 u 1105 ploss -0.000 vloss 0.046 ent 1.775 kl -0.000 avg -20.8
0:ppo frame:1636616  252/s eps 490, 3056=  -21 u 1107 ploss -0.001 vloss 0.051 ent 1.772 kl 0.000 avg -20.8
0:ppo frame:1639672  253/s eps 491, 3056=  -21 u 1109 ploss -0.001 vloss 0.051 ent 1.773 kl 0.000 avg -20.8
0:ppo frame:1642728  253/s eps 492, 3056=  -21 u 1111 ploss -0.000 vloss 0.046 ent 1.774 kl -0.000 avg -20.8
0:ppo frame:1645784  256/s eps 493, 3056=  -21 u 1113 ploss -0.000 vloss 0.046 ent 1.776 kl -0.000 avg -20.9
0:ppo frame:1648952  254/s eps 494, 3168=  -21 u 1115 ploss -0.001 vloss 0.046 ent 1.771 kl 0.000 avg -20.9
0:ppo frame:1652008  251/s eps 495, 3056=  -21 u 1117 ploss -0.001 vloss 0.046 ent 1.762 kl 0.000 avg -20.9
0:ppo frame:1655064  252/s eps 496, 3056=  -21 u 1119 ploss -0.000 vloss 0.046 ent 1.759 kl 0.000 avg -20.9
0:ppo frame:1658120  251/s eps 497, 3056=  -21 u 1121 ploss -0.001 vloss 0.051 ent 1.750 kl -0.000 avg -20.9
0:ppo frame:1661176  249/s eps 498, 3056=  -21 u 1123 ploss -0.001 vloss 0.051 ent 1.748 kl 0.000 avg -20.9
0:ppo frame:1664232  251/s eps 499, 3056=  -21 u 1125 ploss -0.000 vloss 0.046 ent 1.748 kl -0.000 avg -20.9
0:ppo frame:1667288  250/s eps 500, 3056=  -21 u 1127 ploss -0.001 vloss 0.046 ent 1.755 kl 0.000 avg -20.9
0:ppo frame:1670344  249/s eps 501, 3056=  -21 u 1129 ploss -0.001 vloss 0.046 ent 1.756 kl 0.000 avg -20.9
0:ppo frame:1673400  249/s eps 502, 3056=  -21 u 1131 ploss -0.001 vloss 0.046 ent 1.760 kl 0.000 avg -21.0
0:ppo frame:1676456  251/s eps 503, 3056=  -21 u 1133 ploss -0.000 vloss 0.046 ent 1.765 kl -0.000 avg -21.0
0:ppo frame:1679512  252/s eps 504, 3056=  -21 u 1135 ploss -0.001 vloss 0.046 ent 1.766 kl -0.000 avg -21.0
0:ppo frame:1682568  250/s eps 505, 3056=  -21 u 1137 ploss -0.000 vloss 0.052 ent 1.767 kl 0.000 avg -21.0
0:ppo frame:1685624  252/s eps 506, 3056=  -21 u 1139 ploss -0.000 vloss 0.051 ent 1.767 kl 0.000 avg -21.0
0:ppo frame:1688680  249/s eps 507, 3056=  -21 u 1141 ploss -0.000 vloss 0.050 ent 1.765 kl 0.000 avg -21.0
0:ppo frame:1691736  256/s eps 508, 3056=  -21 u 1143 ploss -0.000 vloss 0.046 ent 1.761 kl 0.000 avg -21.0
0:ppo frame:1694792  252/s eps 509, 3056=  -21 u 1145 ploss -0.000 vloss 0.046 ent 1.757 kl 0.000 avg -21.0
0:ppo frame:1697848  228/s eps 510, 3056=  -21 u 1147 ploss -0.000 vloss 0.046 ent 1.754 kl 0.000 avg -21.0
0:ppo frame:1700904  249/s eps 511, 3056=  -21 u 1149 ploss -0.000 vloss 0.046 ent 1.753 kl -0.000 avg -21.0
0:ppo frame:1703960  252/s eps 512, 3056=  -21 u 1151 ploss -0.001 vloss 0.046 ent 1.753 kl -0.000 avg -21.0
0:ppo frame:1707016  238/s eps 513, 3056=  -21 u 1153 ploss -0.001 vloss 0.046 ent 1.748 kl -0.000 avg -21.0
0:ppo frame:1710072  290/s eps 514, 3056=  -21 u 1154 ploss -0.001 vloss 0.044 ent 1.754 kl -0.001 avg -21.0
0:ppo frame:1713128  253/s eps 515, 3056=  -21 u 1156 ploss -0.001 vloss 0.046 ent 1.765 kl 0.000 avg -21.0
0:ppo frame:1716184  234/s eps 516, 3056=  -21 u 1158 ploss -0.000 vloss 0.046 ent 1.771 kl -0.000 avg -21.0
0:ppo frame:1719240  252/s eps 517, 3056=  -21 u 1160 ploss -0.000 vloss 0.052 ent 1.771 kl 0.000 avg -21.0
0:ppo frame:1722296  252/s eps 518, 3056=  -21 u 1162 ploss -0.000 vloss 0.051 ent 1.770 kl -0.000 avg -21.0
0:ppo frame:1725352  236/s eps 519, 3056=  -21 u 1164 ploss -0.001 vloss 0.047 ent 1.768 kl 0.000 avg -21.0
0:ppo frame:1728408  254/s eps 520, 3056=  -21 u 1166 ploss -0.001 vloss 0.046 ent 1.767 kl 0.000 avg -21.0
0:ppo frame:1731464  252/s eps 521, 3056=  -21 u 1168 ploss -0.000 vloss 0.046 ent 1.770 kl -0.000 avg -21.0
0:ppo frame:1734520  240/s eps 522, 3056=  -21 u 1170 ploss -0.001 vloss 0.046 ent 1.769 kl 0.000 avg -21.0
0:ppo frame:1737576  232/s eps 523, 3056=  -21 u 1172 ploss -0.000 vloss 0.046 ent 1.771 kl 0.000 avg -21.0
0:ppo frame:1740632  252/s eps 524, 3056=  -21 u 1174 ploss -0.000 vloss 0.046 ent 1.773 kl -0.000 avg -21.0
0:ppo frame:1743688  253/s eps 525, 3056=  -21 u 1176 ploss -0.001 vloss 0.046 ent 1.775 kl -0.000 avg -21.0
0:ppo frame:1746744  238/s eps 526, 3056=  -21 u 1178 ploss -0.000 vloss 0.051 ent 1.777 kl -0.000 avg -21.0
0:ppo frame:1749800  255/s eps 527, 3056=  -21 u 1180 ploss -0.000 vloss 0.051 ent 1.778 kl -0.000 avg -21.0
0:ppo frame:1752856  252/s eps 528, 3056=  -21 u 1182 ploss -0.000 vloss 0.046 ent 1.783 kl 0.000 avg -21.0
0:ppo frame:1755912  252/s eps 529, 3056=  -21 u 1184 ploss -0.000 vloss 0.046 ent 1.782 kl 0.000 avg -21.0
0:ppo frame:1758968  252/s eps 530, 3056=  -21 u 1186 ploss -0.001 vloss 0.046 ent 1.780 kl -0.000 avg -21.0
0:ppo frame:1762024  253/s eps 531, 3056=  -21 u 1188 ploss -0.000 vloss 0.046 ent 1.779 kl -0.000 avg -21.0
0:ppo frame:1765080  252/s eps 532, 3056=  -21 u 1190 ploss -0.000 vloss 0.046 ent 1.777 kl 0.000 avg -21.0
0:ppo frame:1768136  253/s eps 533, 3056=  -21 u 1192 ploss -0.000 vloss 0.046 ent 1.776 kl 0.000 avg -21.0
0:ppo frame:1771192  252/s eps 534, 3056=  -21 u 1194 ploss -0.000 vloss 0.052 ent 1.775 kl 0.000 avg -21.0
0:ppo frame:1774248  255/s eps 535, 3056=  -21 u 1196 ploss -0.000 vloss 0.051 ent 1.776 kl -0.000 avg -21.0
0:ppo frame:1777304  252/s eps 536, 3056=  -21 u 1198 ploss -0.000 vloss 0.050 ent 1.777 kl -0.000 avg -21.0
0:ppo frame:1780360  252/s eps 537, 3056=  -21 u 1200 ploss -0.001 vloss 0.046 ent 1.781 kl 0.000 avg -21.0
0:ppo frame:1783416  256/s eps 538, 3056=  -21 u 1202 ploss -0.000 vloss 0.046 ent 1.779 kl 0.000 avg -21.0
0:ppo frame:1786472  259/s eps 539, 3056=  -21 u 1204 ploss -0.000 vloss 0.046 ent 1.780 kl -0.000 avg -21.0
0:ppo frame:1789528  258/s eps 540, 3056=  -21 u 1206 ploss -0.000 vloss 0.046 ent 1.779 kl -0.000 avg -21.0
0:ppo frame:1792584  259/s eps 541, 3056=  -21 u 1208 ploss -0.000 vloss 0.046 ent 1.776 kl 0.000 avg -21.0
0:ppo frame:1795640  248/s eps 542, 3056=  -21 u 1210 ploss -0.000 vloss 0.046 ent 1.771 kl 0.000 avg -21.0
0:ppo frame:1798696  245/s eps 543, 3056=  -21 u 1212 ploss -0.000 vloss 0.052 ent 1.769 kl 0.000 avg -21.0
0:ppo frame:1801752  251/s eps 544, 3056=  -21 u 1214 ploss -0.000 vloss 0.051 ent 1.760 kl -0.000 avg -21.0
0:ppo frame:1804808  251/s eps 545, 3056=  -21 u 1216 ploss -0.000 vloss 0.049 ent 1.756 kl -0.000 avg -21.0
0:ppo frame:1807864  249/s eps 546, 3056=  -21 u 1218 ploss -0.000 vloss 0.046 ent 1.764 kl -0.000 avg -21.0
0:ppo frame:1810920  252/s eps 547, 3056=  -21 u 1220 ploss -0.001 vloss 0.046 ent 1.757 kl 0.000 avg -21.0
0:ppo frame:1813976  252/s eps 548, 3056=  -21 u 1222 ploss -0.000 vloss 0.046 ent 1.752 kl 0.000 avg -21.0
0:ppo frame:1817032  252/s eps 549, 3056=  -21 u 1224 ploss -0.000 vloss 0.046 ent 1.750 kl 0.000 avg -21.0
0:ppo frame:1820088  252/s eps 550, 3056=  -21 u 1226 ploss -0.001 vloss 0.046 ent 1.752 kl 0.000 avg -21.0
0:ppo frame:1823144  254/s eps 551, 3056=  -21 u 1228 ploss -0.001 vloss 0.046 ent 1.751 kl 0.000 avg -21.0
0:ppo frame:1826200  254/s eps 552, 3056=  -21 u 1230 ploss -0.001 vloss 0.052 ent 1.747 kl 0.001 avg -21.0
0:ppo frame:1829256  253/s eps 553, 3056=  -21 u 1232 ploss -0.000 vloss 0.051 ent 1.746 kl 0.000 avg -21.0
0:ppo frame:1832312  253/s eps 554, 3056=  -21 u 1234 ploss -0.000 vloss 0.047 ent 1.746 kl -0.000 avg -21.0
0:ppo frame:1835368  252/s eps 555, 3056=  -21 u 1236 ploss -0.000 vloss 0.046 ent 1.742 kl 0.000 avg -21.0
0:ppo frame:1838424  253/s eps 556, 3056=  -21 u 1238 ploss 0.000 vloss 0.046 ent 1.731 kl 0.000 avg -21.0
0:ppo frame:1841480  255/s eps 557, 3056=  -21 u 1240 ploss -0.001 vloss 0.046 ent 1.734 kl 0.000 avg -21.0
0:ppo frame:1844536  255/s eps 558, 3056=  -21 u 1242 ploss -0.000 vloss 0.046 ent 1.730 kl 0.000 avg -21.0
0:ppo frame:1847592  252/s eps 559, 3056=  -21 u 1244 ploss -0.000 vloss 0.046 ent 1.730 kl -0.000 avg -21.0
0:ppo frame:1850648  253/s eps 560, 3056=  -21 u 1246 ploss -0.002 vloss 0.046 ent 1.728 kl 0.000 avg -21.0
0:ppo frame:1853704  254/s eps 561, 3056=  -21 u 1248 ploss -0.000 vloss 0.051 ent 1.745 kl 0.001 avg -21.0
0:ppo frame:1856760  252/s eps 562, 3056=  -21 u 1250 ploss -0.000 vloss 0.051 ent 1.744 kl 0.000 avg -21.0
0:ppo frame:1859816  251/s eps 563, 3056=  -21 u 1252 ploss -0.000 vloss 0.046 ent 1.742 kl 0.000 avg -21.0
0:ppo frame:1862872  252/s eps 564, 3056=  -21 u 1254 ploss -0.000 vloss 0.046 ent 1.737 kl 0.000 avg -21.0
0:ppo frame:1865928  249/s eps 565, 3056=  -21 u 1256 ploss -0.000 vloss 0.046 ent 1.740 kl 0.000 avg -21.0
0:ppo frame:1868984  252/s eps 566, 3056=  -21 u 1258 ploss -0.000 vloss 0.046 ent 1.740 kl 0.001 avg -21.0
0:ppo frame:1872040  254/s eps 567, 3056=  -21 u 1260 ploss -0.001 vloss 0.046 ent 1.729 kl -0.000 avg -21.0
0:ppo frame:1875096  252/s eps 568, 3056=  -21 u 1262 ploss -0.000 vloss 0.046 ent 1.738 kl 0.000 avg -21.0
0:ppo frame:1878152  254/s eps 569, 3056=  -21 u 1264 ploss -0.002 vloss 0.052 ent 1.731 kl -0.000 avg -21.0
0:ppo frame:1881208  255/s eps 570, 3056=  -21 u 1266 ploss -0.000 vloss 0.051 ent 1.726 kl 0.000 avg -21.0
0:ppo frame:1884264  253/s eps 571, 3056=  -21 u 1268 ploss -0.000 vloss 0.050 ent 1.725 kl -0.000 avg -21.0
0:ppo frame:1887320  251/s eps 572, 3056=  -21 u 1270 ploss -0.001 vloss 0.046 ent 1.732 kl 0.000 avg -21.0
0:ppo frame:1890376  250/s eps 573, 3056=  -21 u 1272 ploss -0.001 vloss 0.046 ent 1.742 kl -0.000 avg -21.0
0:ppo frame:1893432  253/s eps 574, 3056=  -21 u 1274 ploss -0.000 vloss 0.046 ent 1.742 kl 0.000 avg -21.0
0:ppo frame:1896488  252/s eps 575, 3056=  -21 u 1276 ploss -0.000 vloss 0.046 ent 1.744 kl 0.000 avg -21.0
0:ppo frame:1899544  255/s eps 576, 3056=  -21 u 1278 ploss -0.000 vloss 0.046 ent 1.739 kl -0.000 avg -21.0
0:ppo frame:1902600  254/s eps 577, 3056=  -21 u 1280 ploss -0.000 vloss 0.046 ent 1.750 kl -0.000 avg -21.0
0:ppo frame:1905656  292/s eps 578, 3056=  -21 u 1281 ploss -0.000 vloss 0.044 ent 1.744 kl 0.000 avg -21.0
0:ppo frame:1908712  252/s eps 579, 3056=  -21 u 1283 ploss -0.000 vloss 0.046 ent 1.749 kl 0.000 avg -21.0
0:ppo frame:1911768  253/s eps 580, 3056=  -21 u 1285 ploss -0.000 vloss 0.046 ent 1.753 kl 0.000 avg -21.0
0:ppo frame:1914824  252/s eps 581, 3056=  -21 u 1287 ploss -0.000 vloss 0.052 ent 1.752 kl -0.000 avg -21.0
0:ppo frame:1917880  255/s eps 582, 3056=  -21 u 1289 ploss -0.000 vloss 0.051 ent 1.751 kl 0.000 avg -21.0
0:ppo frame:1920936  254/s eps 583, 3056=  -21 u 1291 ploss -0.000 vloss 0.047 ent 1.746 kl -0.000 avg -21.0
0:ppo frame:1923992  253/s eps 584, 3056=  -21 u 1293 ploss -0.001 vloss 0.046 ent 1.739 kl 0.000 avg -21.0
0:ppo frame:1927048  253/s eps 585, 3056=  -21 u 1295 ploss -0.000 vloss 0.046 ent 1.734 kl 0.000 avg -21.0
0:ppo frame:1930104  253/s eps 586, 3056=  -21 u 1297 ploss -0.000 vloss 0.046 ent 1.736 kl 0.000 avg -21.0
0:ppo frame:1933160  254/s eps 587, 3056=  -21 u 1299 ploss -0.000 vloss 0.046 ent 1.749 kl 0.000 avg -21.0
0:ppo frame:1936216  254/s eps 588, 3056=  -21 u 1301 ploss -0.000 vloss 0.046 ent 1.755 kl 0.000 avg -21.0
0:ppo frame:1939272  253/s eps 589, 3056=  -21 u 1303 ploss -0.001 vloss 0.046 ent 1.764 kl -0.000 avg -21.0
0:ppo frame:1942328  254/s eps 590, 3056=  -21 u 1305 ploss -0.001 vloss 0.051 ent 1.762 kl 0.000 avg -21.0
0:ppo frame:1945384  253/s eps 591, 3056=  -21 u 1307 ploss -0.000 vloss 0.051 ent 1.760 kl -0.000 avg -21.0
0:ppo frame:1948440  256/s eps 592, 3056=  -21 u 1309 ploss -0.001 vloss 0.046 ent 1.763 kl 0.000 avg -21.0
0:ppo frame:1951496  252/s eps 593, 3056=  -21 u 1311 ploss -0.000 vloss 0.046 ent 1.760 kl -0.000 avg -21.0
0:ppo frame:1954552  252/s eps 594, 3056=  -21 u 1313 ploss -0.001 vloss 0.046 ent 1.751 kl 0.000 avg -21.0
0:ppo frame:1957608  251/s eps 595, 3056=  -21 u 1315 ploss -0.000 vloss 0.046 ent 1.744 kl 0.000 avg -21.0
0:ppo frame:1960664  252/s eps 596, 3056=  -21 u 1317 ploss -0.000 vloss 0.046 ent 1.742 kl 0.000 avg -21.0
0:ppo frame:1963720  253/s eps 597, 3056=  -21 u 1319 ploss -0.000 vloss 0.046 ent 1.744 kl 0.000 avg -21.0
0:ppo frame:1966776  254/s eps 598, 3056=  -21 u 1321 ploss -0.000 vloss 0.052 ent 1.740 kl 0.000 avg -21.0
0:ppo frame:1969832  254/s eps 599, 3056=  -21 u 1323 ploss -0.000 vloss 0.051 ent 1.736 kl 0.000 avg -21.0
0:ppo frame:1972888  255/s eps 600, 3056=  -21 u 1325 ploss -0.001 vloss 0.050 ent 1.742 kl -0.000 avg -21.0
0:ppo frame:1975944  253/s eps 601, 3056=  -21 u 1327 ploss -0.001 vloss 0.046 ent 1.735 kl 0.000 avg -21.0
0:ppo frame:1979000  253/s eps 602, 3056=  -21 u 1329 ploss -0.000 vloss 0.046 ent 1.742 kl 0.000 avg -21.0
0:ppo frame:1982056  251/s eps 603, 3056=  -21 u 1331 ploss 0.000 vloss 0.046 ent 1.746 kl 0.000 avg -21.0
0:ppo frame:1985112  251/s eps 604, 3056=  -21 u 1333 ploss -0.000 vloss 0.046 ent 1.744 kl 0.000 avg -21.0
0:ppo frame:1988168  251/s eps 605, 3056=  -21 u 1335 ploss -0.000 vloss 0.046 ent 1.748 kl 0.000 avg -21.0
0:ppo frame:1991224  252/s eps 606, 3056=  -21 u 1337 ploss -0.000 vloss 0.046 ent 1.754 kl -0.000 avg -21.0
0:ppo frame:1994280  257/s eps 607, 3056=  -21 u 1339 ploss -0.000 vloss 0.052 ent 1.749 kl -0.000 avg -21.0
0:ppo frame:1997759  266/s eps 608, 3479=  -20 u 1341 ploss -0.001 vloss 0.047 ent 1.743 kl -0.000 avg -21.0
Run complete: runs/ppo_pong_single_2M_skip4/pong_seed0_20260228_002619
Summary: {'frames': 2000000, 'episodes_completed': 609, 'last_episode_idx': 609, 'last_episode_return': -15.0, 'last_episode_length': 2240, 'pulse_count': 609, 'boundary_cause_counts': {'game_over': 609}, 'reset_cause_counts': {'terminated': 609}, 'life_loss_pulses': 0, 'reset_count': 609, 'game_over_resets': 609, 'truncated_resets': 0, 'timeout_resets': 0, 'life_loss_resets': 0, 'decided_action_change_count': 1635838, 'decided_action_change_rate': 0.8179194089597045, 'applied_action_change_count': 1635838, 'applied_action_change_rate': 0.8179194089597045, 'decided_applied_mismatch_count': 0, 'decided_applied_mismatch_rate': 0.0, 'applied_action_hold_run_count': 1635839, 'applied_action_hold_run_mean': 1.2226142059212428, 'applied_action_hold_run_max': 12}
